<?xml version="1.0" encoding="UTF-8"?>
<testsuite name="org.apache.kafka.coordinator.group.OffsetMetadataManagerTest" tests="71" skipped="0" failures="0" errors="0" timestamp="2024-04-09T11:19:31" hostname="ip-192-168-1-113.eu-central-1.compute.internal" time="6.091">
  <properties/>
  <testcase name="testGenericGroupTransactionalOffsetCommitWithUnknownMemberId()" classname="org.apache.kafka.coordinator.group.OffsetMetadataManagerTest" time="0.196"/>
  <testcase name="testGenericGroupOffsetCommitWhileInCompletingRebalanceState()" classname="org.apache.kafka.coordinator.group.OffsetMetadataManagerTest" time="0.013"/>
  <testcase name="testConsumerGroupOffsetFetchFromAdminClient()" classname="org.apache.kafka.coordinator.group.OffsetMetadataManagerTest" time="0.057"/>
  <testcase name="testFetchAllOffsetsAtDifferentCommittedOffset()" classname="org.apache.kafka.coordinator.group.OffsetMetadataManagerTest" time="0.004"/>
  <testcase name="testGenericGroupFetchOffsetsWithDeadGroup()" classname="org.apache.kafka.coordinator.group.OffsetMetadataManagerTest" time="0.003"/>
  <testcase name="testOffsetDeletionsSensor()" classname="org.apache.kafka.coordinator.group.OffsetMetadataManagerTest" time="0.05"/>
  <testcase name="testGenericGroupOffsetCommitWithFencedInstanceId()" classname="org.apache.kafka.coordinator.group.OffsetMetadataManagerTest" time="0.001"/>
  <testcase name="testConsumerGroupOffsetFetchWithStaleMemberEpoch()" classname="org.apache.kafka.coordinator.group.OffsetMetadataManagerTest" time="0.003"/>
  <testcase name="testOffsetCommitsSensor()" classname="org.apache.kafka.coordinator.group.OffsetMetadataManagerTest" time="0.042"/>
  <testcase name="[1] version=0" classname="org.apache.kafka.coordinator.group.OffsetMetadataManagerTest" time="0.023"/>
  <testcase name="[2] version=1" classname="org.apache.kafka.coordinator.group.OffsetMetadataManagerTest" time="0.045"/>
  <testcase name="[3] version=2" classname="org.apache.kafka.coordinator.group.OffsetMetadataManagerTest" time="0.08"/>
  <testcase name="[4] version=3" classname="org.apache.kafka.coordinator.group.OffsetMetadataManagerTest" time="0.002"/>
  <testcase name="[5] version=4" classname="org.apache.kafka.coordinator.group.OffsetMetadataManagerTest" time="0.001"/>
  <testcase name="[6] version=5" classname="org.apache.kafka.coordinator.group.OffsetMetadataManagerTest" time="0.001"/>
  <testcase name="[7] version=6" classname="org.apache.kafka.coordinator.group.OffsetMetadataManagerTest" time="0.001"/>
  <testcase name="[8] version=7" classname="org.apache.kafka.coordinator.group.OffsetMetadataManagerTest" time="0.001"/>
  <testcase name="[9] version=8" classname="org.apache.kafka.coordinator.group.OffsetMetadataManagerTest" time="0.0"/>
  <testcase name="[10] version=9" classname="org.apache.kafka.coordinator.group.OffsetMetadataManagerTest" time="0.001"/>
  <testcase name="testFetchOffsetsAtDifferentCommittedOffset()" classname="org.apache.kafka.coordinator.group.OffsetMetadataManagerTest" time="0.005"/>
  <testcase name="testReplayWithTombstone()" classname="org.apache.kafka.coordinator.group.OffsetMetadataManagerTest" time="0.006"/>
  <testcase name="[1] version=0" classname="org.apache.kafka.coordinator.group.OffsetMetadataManagerTest" time="0.003"/>
  <testcase name="[2] version=1" classname="org.apache.kafka.coordinator.group.OffsetMetadataManagerTest" time="0.001"/>
  <testcase name="[3] version=2" classname="org.apache.kafka.coordinator.group.OffsetMetadataManagerTest" time="0.001"/>
  <testcase name="[4] version=3" classname="org.apache.kafka.coordinator.group.OffsetMetadataManagerTest" time="0.0"/>
  <testcase name="[5] version=4" classname="org.apache.kafka.coordinator.group.OffsetMetadataManagerTest" time="0.001"/>
  <testcase name="[6] version=5" classname="org.apache.kafka.coordinator.group.OffsetMetadataManagerTest" time="0.0"/>
  <testcase name="[7] version=6" classname="org.apache.kafka.coordinator.group.OffsetMetadataManagerTest" time="0.0"/>
  <testcase name="[8] version=7" classname="org.apache.kafka.coordinator.group.OffsetMetadataManagerTest" time="0.001"/>
  <testcase name="[9] version=8" classname="org.apache.kafka.coordinator.group.OffsetMetadataManagerTest" time="0.001"/>
  <testcase name="[10] version=9" classname="org.apache.kafka.coordinator.group.OffsetMetadataManagerTest" time="0.0"/>
  <testcase name="testGenericGroupOffsetCommitWithUnknownInstanceId()" classname="org.apache.kafka.coordinator.group.OffsetMetadataManagerTest" time="0.004"/>
  <testcase name="testConsumerGroupOffsetCommitWithUnknownMemberId()" classname="org.apache.kafka.coordinator.group.OffsetMetadataManagerTest" time="0.001"/>
  <testcase name="testConsumerGroupOffsetFetchWithUnknownMemberId()" classname="org.apache.kafka.coordinator.group.OffsetMetadataManagerTest" time="0.003"/>
  <testcase name="testGenericGroupOffsetCommitWithDeadGroup()" classname="org.apache.kafka.coordinator.group.OffsetMetadataManagerTest" time="0.002"/>
  <testcase name="testConsumerGroupOffsetDeleteWithErrors()" classname="org.apache.kafka.coordinator.group.OffsetMetadataManagerTest" time="0.004"/>
  <testcase name="testGenericGroupTransactionalOffsetCommitWithUnknownGroupId()" classname="org.apache.kafka.coordinator.group.OffsetMetadataManagerTest" time="0.011"/>
  <testcase name="testConsumerGroupOffsetCommitFromAdminClient()" classname="org.apache.kafka.coordinator.group.OffsetMetadataManagerTest" time="0.002"/>
  <testcase name="testSimpleGroupOffsetCommit()" classname="org.apache.kafka.coordinator.group.OffsetMetadataManagerTest" time="0.002"/>
  <testcase name="testReplayTransactionEndMarkerWithCommit()" classname="org.apache.kafka.coordinator.group.OffsetMetadataManagerTest" time="0.008"/>
  <testcase name="testConsumerGroupOffsetCommit()" classname="org.apache.kafka.coordinator.group.OffsetMetadataManagerTest" time="0.003"/>
  <testcase name="testConsumerGroupOffsetDelete()" classname="org.apache.kafka.coordinator.group.OffsetMetadataManagerTest" time="0.0"/>
  <testcase name="testConsumerGroupOffsetCommitWithOffsetMetadataTooLarge()" classname="org.apache.kafka.coordinator.group.OffsetMetadataManagerTest" time="0.001"/>
  <testcase name="testConsumerGroupTransactionalOffsetCommit()" classname="org.apache.kafka.coordinator.group.OffsetMetadataManagerTest" time="0.007"/>
  <testcase name="testCleanupExpiredOffsetsGroupHasNoOffsets()" classname="org.apache.kafka.coordinator.group.OffsetMetadataManagerTest" time="0.002"/>
  <testcase name="testConsumerGroupTransactionalOffsetCommitWithUnknownMemberId()" classname="org.apache.kafka.coordinator.group.OffsetMetadataManagerTest" time="0.002"/>
  <testcase name="testGenericGroupOffsetCommitWithUnknownMemberId()" classname="org.apache.kafka.coordinator.group.OffsetMetadataManagerTest" time="0.002"/>
  <testcase name="testSimpleGroupOffsetCommitWithInstanceId()" classname="org.apache.kafka.coordinator.group.OffsetMetadataManagerTest" time="0.003"/>
  <testcase name="testFetchAllOffsetsWithUnknownGroup()" classname="org.apache.kafka.coordinator.group.OffsetMetadataManagerTest" time="0.002"/>
  <testcase name="testGenericGroupOffsetCommitMaintainsSession()" classname="org.apache.kafka.coordinator.group.OffsetMetadataManagerTest" time="0.015"/>
  <testcase name="testConsumerGroupTransactionalOffsetCommitWithUnknownGroupId()" classname="org.apache.kafka.coordinator.group.OffsetMetadataManagerTest" time="0.002"/>
  <testcase name="testConsumerGroupTransactionalOffsetCommitWithStaleMemberEpoch()" classname="org.apache.kafka.coordinator.group.OffsetMetadataManagerTest" time="0.001"/>
  <testcase name="testCleanupExpiredOffsetsEmptyOffsetExpirationCondition()" classname="org.apache.kafka.coordinator.group.OffsetMetadataManagerTest" time="3.688"/>
  <testcase name="[1] groupType=consumer" classname="org.apache.kafka.coordinator.group.OffsetMetadataManagerTest" time="0.134"/>
  <testcase name="[2] groupType=classic" classname="org.apache.kafka.coordinator.group.OffsetMetadataManagerTest" time="0.013"/>
  <testcase name="testOffsetsExpiredSensor()" classname="org.apache.kafka.coordinator.group.OffsetMetadataManagerTest" time="0.182"/>
  <testcase name="testGenericGroupOffsetCommitWithIllegalGeneration()" classname="org.apache.kafka.coordinator.group.OffsetMetadataManagerTest" time="0.204"/>
  <testcase name="testGenericGroupOffsetDeleteWithErrors()" classname="org.apache.kafka.coordinator.group.OffsetMetadataManagerTest" time="0.007"/>
  <testcase name="testFetchOffsetsWithUnknownGroup()" classname="org.apache.kafka.coordinator.group.OffsetMetadataManagerTest" time="0.002"/>
  <testcase name="testGenericGroupFetchAllOffsetsWithDeadGroup()" classname="org.apache.kafka.coordinator.group.OffsetMetadataManagerTest" time="0.002"/>
  <testcase name="testCleanupExpiredOffsets()" classname="org.apache.kafka.coordinator.group.OffsetMetadataManagerTest" time="0.008"/>
  <testcase name="testGenericGroupOffsetCommitWithRetentionTime()" classname="org.apache.kafka.coordinator.group.OffsetMetadataManagerTest" time="0.011"/>
  <testcase name="testGenericGroupOffsetDelete()" classname="org.apache.kafka.coordinator.group.OffsetMetadataManagerTest" time="0.005"/>
  <testcase name="testGenericGroupTransactionalOffsetCommitWithIllegalGenerationId()" classname="org.apache.kafka.coordinator.group.OffsetMetadataManagerTest" time="0.017"/>
  <testcase name="testReplay()" classname="org.apache.kafka.coordinator.group.OffsetMetadataManagerTest" time="0.131"/>
  <testcase name="testConsumerGroupOffsetFetchWithMemberIdAndEpoch()" classname="org.apache.kafka.coordinator.group.OffsetMetadataManagerTest" time="0.022"/>
  <testcase name="testGenericGroupTransactionalOffsetCommit()" classname="org.apache.kafka.coordinator.group.OffsetMetadataManagerTest" time="0.078"/>
  <testcase name="testGenericGroupOffsetCommitWithoutMemberIdAndGeneration()" classname="org.apache.kafka.coordinator.group.OffsetMetadataManagerTest" time="0.204"/>
  <testcase name="testTransactionalReplay()" classname="org.apache.kafka.coordinator.group.OffsetMetadataManagerTest" time="0.016"/>
  <testcase name="testConsumerGroupOffsetCommitWithStaleMemberEpoch()" classname="org.apache.kafka.coordinator.group.OffsetMetadataManagerTest" time="0.008"/>
  <testcase name="testCleanupExpiredOffsetsGroupDoesNotExist()" classname="org.apache.kafka.coordinator.group.OffsetMetadataManagerTest" time="0.019"/>
  <system-out><![CDATA[[2024-04-09 14:19:31,398] WARN Failed to parse Consumer Protocol consumer:range of group foo. Consumer group coordinator is not aware of the subscribed topics. (org.apache.kafka.coordinator.group.classic.ClassicGroup:1175)
org.apache.kafka.common.protocol.types.SchemaException: Buffer underflow while parsing consumer protocol's header
	at org.apache.kafka.clients.consumer.internals.ConsumerProtocol.deserializeVersion(ConsumerProtocol.java:64)
	at org.apache.kafka.coordinator.group.classic.ClassicGroup.lambda$computeSubscribedTopics$17(ClassicGroup.java:1168)
	at java.util.HashMap$Values.forEach(HashMap.java:981)
	at org.apache.kafka.coordinator.group.classic.ClassicGroup.computeSubscribedTopics(ClassicGroup.java:1163)
	at org.apache.kafka.coordinator.group.classic.ClassicGroup.initNextGeneration(ClassicGroup.java:1260)
	at org.apache.kafka.coordinator.group.OffsetMetadataManagerTest.testGenericGroupOffsetCommitWhileInCompletingRebalanceState(OffsetMetadataManagerTest.java:722)
	at sun.reflect.NativeMethodAccessorImpl.invoke0(Native Method)
	at sun.reflect.NativeMethodAccessorImpl.invoke(NativeMethodAccessorImpl.java:62)
	at sun.reflect.DelegatingMethodAccessorImpl.invoke(DelegatingMethodAccessorImpl.java:43)
	at java.lang.reflect.Method.invoke(Method.java:498)
	at org.junit.platform.commons.util.ReflectionUtils.invokeMethod(ReflectionUtils.java:728)
	at org.junit.jupiter.engine.execution.MethodInvocation.proceed(MethodInvocation.java:60)
	at org.junit.jupiter.engine.execution.InvocationInterceptorChain$ValidatingInvocation.proceed(InvocationInterceptorChain.java:131)
	at org.junit.jupiter.engine.extension.TimeoutExtension.intercept(TimeoutExtension.java:156)
	at org.junit.jupiter.engine.extension.TimeoutExtension.interceptTestableMethod(TimeoutExtension.java:147)
	at org.junit.jupiter.engine.extension.TimeoutExtension.interceptTestMethod(TimeoutExtension.java:86)
	at org.junit.jupiter.engine.execution.InterceptingExecutableInvoker$ReflectiveInterceptorCall.lambda$ofVoidMethod$0(InterceptingExecutableInvoker.java:103)
	at org.junit.jupiter.engine.execution.InterceptingExecutableInvoker.lambda$invoke$0(InterceptingExecutableInvoker.java:93)
	at org.junit.jupiter.engine.execution.InvocationInterceptorChain$InterceptedInvocation.proceed(InvocationInterceptorChain.java:106)
	at org.junit.jupiter.engine.execution.InvocationInterceptorChain.proceed(InvocationInterceptorChain.java:64)
	at org.junit.jupiter.engine.execution.InvocationInterceptorChain.chainAndInvoke(InvocationInterceptorChain.java:45)
	at org.junit.jupiter.engine.execution.InvocationInterceptorChain.invoke(InvocationInterceptorChain.java:37)
	at org.junit.jupiter.engine.execution.InterceptingExecutableInvoker.invoke(InterceptingExecutableInvoker.java:92)
	at org.junit.jupiter.engine.execution.InterceptingExecutableInvoker.invoke(InterceptingExecutableInvoker.java:86)
	at org.junit.jupiter.engine.descriptor.TestMethodTestDescriptor.lambda$invokeTestMethod$7(TestMethodTestDescriptor.java:218)
	at org.junit.platform.engine.support.hierarchical.ThrowableCollector.execute(ThrowableCollector.java:73)
	at org.junit.jupiter.engine.descriptor.TestMethodTestDescriptor.invokeTestMethod(TestMethodTestDescriptor.java:214)
	at org.junit.jupiter.engine.descriptor.TestMethodTestDescriptor.execute(TestMethodTestDescriptor.java:139)
	at org.junit.jupiter.engine.descriptor.TestMethodTestDescriptor.execute(TestMethodTestDescriptor.java:69)
	at org.junit.platform.engine.support.hierarchical.NodeTestTask.lambda$executeRecursively$6(NodeTestTask.java:151)
	at org.junit.platform.engine.support.hierarchical.ThrowableCollector.execute(ThrowableCollector.java:73)
	at org.junit.platform.engine.support.hierarchical.NodeTestTask.lambda$executeRecursively$8(NodeTestTask.java:141)
	at org.junit.platform.engine.support.hierarchical.Node.around(Node.java:137)
	at org.junit.platform.engine.support.hierarchical.NodeTestTask.lambda$executeRecursively$9(NodeTestTask.java:139)
	at org.junit.platform.engine.support.hierarchical.ThrowableCollector.execute(ThrowableCollector.java:73)
	at org.junit.platform.engine.support.hierarchical.NodeTestTask.executeRecursively(NodeTestTask.java:138)
	at org.junit.platform.engine.support.hierarchical.NodeTestTask.execute(NodeTestTask.java:95)
	at java.util.ArrayList.forEach(ArrayList.java:1259)
	at org.junit.platform.engine.support.hierarchical.SameThreadHierarchicalTestExecutorService.invokeAll(SameThreadHierarchicalTestExecutorService.java:41)
	at org.junit.platform.engine.support.hierarchical.NodeTestTask.lambda$executeRecursively$6(NodeTestTask.java:155)
	at org.junit.platform.engine.support.hierarchical.ThrowableCollector.execute(ThrowableCollector.java:73)
	at org.junit.platform.engine.support.hierarchical.NodeTestTask.lambda$executeRecursively$8(NodeTestTask.java:141)
	at org.junit.platform.engine.support.hierarchical.Node.around(Node.java:137)
	at org.junit.platform.engine.support.hierarchical.NodeTestTask.lambda$executeRecursively$9(NodeTestTask.java:139)
	at org.junit.platform.engine.support.hierarchical.ThrowableCollector.execute(ThrowableCollector.java:73)
	at org.junit.platform.engine.support.hierarchical.NodeTestTask.executeRecursively(NodeTestTask.java:138)
	at org.junit.platform.engine.support.hierarchical.NodeTestTask.execute(NodeTestTask.java:95)
	at java.util.ArrayList.forEach(ArrayList.java:1259)
	at org.junit.platform.engine.support.hierarchical.SameThreadHierarchicalTestExecutorService.invokeAll(SameThreadHierarchicalTestExecutorService.java:41)
	at org.junit.platform.engine.support.hierarchical.NodeTestTask.lambda$executeRecursively$6(NodeTestTask.java:155)
	at org.junit.platform.engine.support.hierarchical.ThrowableCollector.execute(ThrowableCollector.java:73)
	at org.junit.platform.engine.support.hierarchical.NodeTestTask.lambda$executeRecursively$8(NodeTestTask.java:141)
	at org.junit.platform.engine.support.hierarchical.Node.around(Node.java:137)
	at org.junit.platform.engine.support.hierarchical.NodeTestTask.lambda$executeRecursively$9(NodeTestTask.java:139)
	at org.junit.platform.engine.support.hierarchical.ThrowableCollector.execute(ThrowableCollector.java:73)
	at org.junit.platform.engine.support.hierarchical.NodeTestTask.executeRecursively(NodeTestTask.java:138)
	at org.junit.platform.engine.support.hierarchical.NodeTestTask.execute(NodeTestTask.java:95)
	at org.junit.platform.engine.support.hierarchical.SameThreadHierarchicalTestExecutorService.submit(SameThreadHierarchicalTestExecutorService.java:35)
	at org.junit.platform.engine.support.hierarchical.HierarchicalTestExecutor.execute(HierarchicalTestExecutor.java:57)
	at org.junit.platform.engine.support.hierarchical.HierarchicalTestEngine.execute(HierarchicalTestEngine.java:54)
	at org.junit.platform.launcher.core.EngineExecutionOrchestrator.execute(EngineExecutionOrchestrator.java:107)
	at org.junit.platform.launcher.core.EngineExecutionOrchestrator.execute(EngineExecutionOrchestrator.java:88)
	at org.junit.platform.launcher.core.EngineExecutionOrchestrator.lambda$execute$0(EngineExecutionOrchestrator.java:54)
	at org.junit.platform.launcher.core.EngineExecutionOrchestrator.withInterceptedStreams(EngineExecutionOrchestrator.java:67)
	at org.junit.platform.launcher.core.EngineExecutionOrchestrator.execute(EngineExecutionOrchestrator.java:52)
	at org.junit.platform.launcher.core.DefaultLauncher.execute(DefaultLauncher.java:114)
	at org.junit.platform.launcher.core.DefaultLauncher.execute(DefaultLauncher.java:86)
	at org.junit.platform.launcher.core.DefaultLauncherSession$DelegatingLauncher.execute(DefaultLauncherSession.java:86)
	at org.gradle.api.internal.tasks.testing.junitplatform.JUnitPlatformTestClassProcessor$CollectAllTestClassesExecutor.processAllTestClasses(JUnitPlatformTestClassProcessor.java:119)
	at org.gradle.api.internal.tasks.testing.junitplatform.JUnitPlatformTestClassProcessor$CollectAllTestClassesExecutor.access$000(JUnitPlatformTestClassProcessor.java:94)
	at org.gradle.api.internal.tasks.testing.junitplatform.JUnitPlatformTestClassProcessor.stop(JUnitPlatformTestClassProcessor.java:89)
	at org.gradle.api.internal.tasks.testing.SuiteTestClassProcessor.stop(SuiteTestClassProcessor.java:62)
	at sun.reflect.NativeMethodAccessorImpl.invoke0(Native Method)
	at sun.reflect.NativeMethodAccessorImpl.invoke(NativeMethodAccessorImpl.java:62)
	at sun.reflect.DelegatingMethodAccessorImpl.invoke(DelegatingMethodAccessorImpl.java:43)
	at java.lang.reflect.Method.invoke(Method.java:498)
	at org.gradle.internal.dispatch.ReflectionDispatch.dispatch(ReflectionDispatch.java:36)
	at org.gradle.internal.dispatch.ReflectionDispatch.dispatch(ReflectionDispatch.java:24)
	at org.gradle.internal.dispatch.ContextClassLoaderDispatch.dispatch(ContextClassLoaderDispatch.java:33)
	at org.gradle.internal.dispatch.ProxyDispatchAdapter$DispatchingInvocationHandler.invoke(ProxyDispatchAdapter.java:94)
	at com.sun.proxy.$Proxy2.stop(Unknown Source)
	at org.gradle.api.internal.tasks.testing.worker.TestWorker$3.run(TestWorker.java:193)
	at org.gradle.api.internal.tasks.testing.worker.TestWorker.executeAndMaintainThreadName(TestWorker.java:129)
	at org.gradle.api.internal.tasks.testing.worker.TestWorker.execute(TestWorker.java:100)
	at org.gradle.api.internal.tasks.testing.worker.TestWorker.execute(TestWorker.java:60)
	at org.gradle.process.internal.worker.child.ActionExecutionWorker.execute(ActionExecutionWorker.java:56)
	at org.gradle.process.internal.worker.child.SystemApplicationClassLoaderWorker.call(SystemApplicationClassLoaderWorker.java:113)
	at org.gradle.process.internal.worker.child.SystemApplicationClassLoaderWorker.call(SystemApplicationClassLoaderWorker.java:65)
	at worker.org.gradle.process.internal.worker.GradleWorkerMain.run(GradleWorkerMain.java:69)
	at worker.org.gradle.process.internal.worker.GradleWorkerMain.main(GradleWorkerMain.java:74)
Caused by: java.nio.BufferUnderflowException
	at java.nio.Buffer.nextGetIndex(Buffer.java:510)
	at java.nio.HeapByteBuffer.getShort(HeapByteBuffer.java:323)
	at org.apache.kafka.clients.consumer.internals.ConsumerProtocol.deserializeVersion(ConsumerProtocol.java:62)
	... 89 more
[2024-04-09 14:19:31,445] DEBUG Creating in-memory snapshot 0 (org.apache.kafka.timeline.SnapshotRegistry:203)
[2024-04-09 14:19:31,449] DEBUG Replaying offset commit with key OffsetCommitKey(group='group', topic='foo', partition=0), value OffsetCommitValue(offset=100, leaderEpoch=1, metadata='metadata', commitTimestamp=1712661571411, expireTimestamp=-1) (org.apache.kafka.coordinator.group.OffsetMetadataManager:865)
[2024-04-09 14:19:31,469] DEBUG Creating in-memory snapshot 0 (org.apache.kafka.timeline.SnapshotRegistry:203)
[2024-04-09 14:19:31,469] DEBUG Replaying offset commit with key OffsetCommitKey(group='group', topic='foo', partition=0), value OffsetCommitValue(offset=100, leaderEpoch=1, metadata='metadata', commitTimestamp=1712661571468, expireTimestamp=-1) (org.apache.kafka.coordinator.group.OffsetMetadataManager:865)
[2024-04-09 14:19:31,470] DEBUG Creating in-memory snapshot 1 (org.apache.kafka.timeline.SnapshotRegistry:203)
[2024-04-09 14:19:31,470] DEBUG Replaying offset commit with key OffsetCommitKey(group='group', topic='foo', partition=1), value OffsetCommitValue(offset=110, leaderEpoch=1, metadata='metadata', commitTimestamp=1712661571468, expireTimestamp=-1) (org.apache.kafka.coordinator.group.OffsetMetadataManager:865)
[2024-04-09 14:19:31,470] DEBUG Creating in-memory snapshot 2 (org.apache.kafka.timeline.SnapshotRegistry:203)
[2024-04-09 14:19:31,470] DEBUG Replaying offset commit with key OffsetCommitKey(group='group', topic='bar', partition=0), value OffsetCommitValue(offset=200, leaderEpoch=1, metadata='metadata', commitTimestamp=1712661571468, expireTimestamp=-1) (org.apache.kafka.coordinator.group.OffsetMetadataManager:865)
[2024-04-09 14:19:31,470] DEBUG Creating in-memory snapshot 3 (org.apache.kafka.timeline.SnapshotRegistry:203)
[2024-04-09 14:19:31,471] DEBUG Replaying offset commit with key OffsetCommitKey(group='group', topic='foo', partition=1), value OffsetCommitValue(offset=111, leaderEpoch=2, metadata='metadata', commitTimestamp=1712661571468, expireTimestamp=-1) (org.apache.kafka.coordinator.group.OffsetMetadataManager:865)
[2024-04-09 14:19:31,471] DEBUG Creating in-memory snapshot 4 (org.apache.kafka.timeline.SnapshotRegistry:203)
[2024-04-09 14:19:31,471] DEBUG Replaying offset commit with key OffsetCommitKey(group='group', topic='bar', partition=1), value OffsetCommitValue(offset=210, leaderEpoch=2, metadata='metadata', commitTimestamp=1712661571468, expireTimestamp=-1) (org.apache.kafka.coordinator.group.OffsetMetadataManager:865)
[2024-04-09 14:19:31,480] DEBUG Creating in-memory snapshot 0 (org.apache.kafka.timeline.SnapshotRegistry:203)
[2024-04-09 14:19:31,480] DEBUG Replaying offset commit with key OffsetCommitKey(group='foo', topic='bar', partition=0), value OffsetCommitValue(offset=100, leaderEpoch=0, metadata='metadata', commitTimestamp=1712661571480, expireTimestamp=-1) (org.apache.kafka.coordinator.group.OffsetMetadataManager:865)
[2024-04-09 14:19:31,481] DEBUG Creating in-memory snapshot 1 (org.apache.kafka.timeline.SnapshotRegistry:203)
[2024-04-09 14:19:31,481] DEBUG Replaying offset commit with key OffsetCommitKey(group='foo', topic='bar', partition=1), value OffsetCommitValue(offset=150, leaderEpoch=0, metadata='metadata', commitTimestamp=1712661571480, expireTimestamp=-1) (org.apache.kafka.coordinator.group.OffsetMetadataManager:865)
[2024-04-09 14:19:31,526] DEBUG Creating in-memory snapshot 2 (org.apache.kafka.timeline.SnapshotRegistry:203)
[2024-04-09 14:19:31,526] DEBUG Creating in-memory snapshot 3 (org.apache.kafka.timeline.SnapshotRegistry:203)
[2024-04-09 14:19:31,540] WARN Failed to parse Consumer Protocol consumer:range of group foo. Consumer group coordinator is not aware of the subscribed topics. (org.apache.kafka.coordinator.group.classic.ClassicGroup:1175)
org.apache.kafka.common.protocol.types.SchemaException: Buffer underflow while parsing consumer protocol's header
	at org.apache.kafka.clients.consumer.internals.ConsumerProtocol.deserializeVersion(ConsumerProtocol.java:64)
	at org.apache.kafka.coordinator.group.classic.ClassicGroup.lambda$computeSubscribedTopics$17(ClassicGroup.java:1168)
	at java.util.HashMap$Values.forEach(HashMap.java:981)
	at org.apache.kafka.coordinator.group.classic.ClassicGroup.computeSubscribedTopics(ClassicGroup.java:1163)
	at org.apache.kafka.coordinator.group.classic.ClassicGroup.initNextGeneration(ClassicGroup.java:1260)
	at org.apache.kafka.coordinator.group.OffsetMetadataManagerTest.testOffsetCommitsSensor(OffsetMetadataManagerTest.java:2509)
	at sun.reflect.NativeMethodAccessorImpl.invoke0(Native Method)
	at sun.reflect.NativeMethodAccessorImpl.invoke(NativeMethodAccessorImpl.java:62)
	at sun.reflect.DelegatingMethodAccessorImpl.invoke(DelegatingMethodAccessorImpl.java:43)
	at java.lang.reflect.Method.invoke(Method.java:498)
	at org.junit.platform.commons.util.ReflectionUtils.invokeMethod(ReflectionUtils.java:728)
	at org.junit.jupiter.engine.execution.MethodInvocation.proceed(MethodInvocation.java:60)
	at org.junit.jupiter.engine.execution.InvocationInterceptorChain$ValidatingInvocation.proceed(InvocationInterceptorChain.java:131)
	at org.junit.jupiter.engine.extension.TimeoutExtension.intercept(TimeoutExtension.java:156)
	at org.junit.jupiter.engine.extension.TimeoutExtension.interceptTestableMethod(TimeoutExtension.java:147)
	at org.junit.jupiter.engine.extension.TimeoutExtension.interceptTestMethod(TimeoutExtension.java:86)
	at org.junit.jupiter.engine.execution.InterceptingExecutableInvoker$ReflectiveInterceptorCall.lambda$ofVoidMethod$0(InterceptingExecutableInvoker.java:103)
	at org.junit.jupiter.engine.execution.InterceptingExecutableInvoker.lambda$invoke$0(InterceptingExecutableInvoker.java:93)
	at org.junit.jupiter.engine.execution.InvocationInterceptorChain$InterceptedInvocation.proceed(InvocationInterceptorChain.java:106)
	at org.junit.jupiter.engine.execution.InvocationInterceptorChain.proceed(InvocationInterceptorChain.java:64)
	at org.junit.jupiter.engine.execution.InvocationInterceptorChain.chainAndInvoke(InvocationInterceptorChain.java:45)
	at org.junit.jupiter.engine.execution.InvocationInterceptorChain.invoke(InvocationInterceptorChain.java:37)
	at org.junit.jupiter.engine.execution.InterceptingExecutableInvoker.invoke(InterceptingExecutableInvoker.java:92)
	at org.junit.jupiter.engine.execution.InterceptingExecutableInvoker.invoke(InterceptingExecutableInvoker.java:86)
	at org.junit.jupiter.engine.descriptor.TestMethodTestDescriptor.lambda$invokeTestMethod$7(TestMethodTestDescriptor.java:218)
	at org.junit.platform.engine.support.hierarchical.ThrowableCollector.execute(ThrowableCollector.java:73)
	at org.junit.jupiter.engine.descriptor.TestMethodTestDescriptor.invokeTestMethod(TestMethodTestDescriptor.java:214)
	at org.junit.jupiter.engine.descriptor.TestMethodTestDescriptor.execute(TestMethodTestDescriptor.java:139)
	at org.junit.jupiter.engine.descriptor.TestMethodTestDescriptor.execute(TestMethodTestDescriptor.java:69)
	at org.junit.platform.engine.support.hierarchical.NodeTestTask.lambda$executeRecursively$6(NodeTestTask.java:151)
	at org.junit.platform.engine.support.hierarchical.ThrowableCollector.execute(ThrowableCollector.java:73)
	at org.junit.platform.engine.support.hierarchical.NodeTestTask.lambda$executeRecursively$8(NodeTestTask.java:141)
	at org.junit.platform.engine.support.hierarchical.Node.around(Node.java:137)
	at org.junit.platform.engine.support.hierarchical.NodeTestTask.lambda$executeRecursively$9(NodeTestTask.java:139)
	at org.junit.platform.engine.support.hierarchical.ThrowableCollector.execute(ThrowableCollector.java:73)
	at org.junit.platform.engine.support.hierarchical.NodeTestTask.executeRecursively(NodeTestTask.java:138)
	at org.junit.platform.engine.support.hierarchical.NodeTestTask.execute(NodeTestTask.java:95)
	at java.util.ArrayList.forEach(ArrayList.java:1259)
	at org.junit.platform.engine.support.hierarchical.SameThreadHierarchicalTestExecutorService.invokeAll(SameThreadHierarchicalTestExecutorService.java:41)
	at org.junit.platform.engine.support.hierarchical.NodeTestTask.lambda$executeRecursively$6(NodeTestTask.java:155)
	at org.junit.platform.engine.support.hierarchical.ThrowableCollector.execute(ThrowableCollector.java:73)
	at org.junit.platform.engine.support.hierarchical.NodeTestTask.lambda$executeRecursively$8(NodeTestTask.java:141)
	at org.junit.platform.engine.support.hierarchical.Node.around(Node.java:137)
	at org.junit.platform.engine.support.hierarchical.NodeTestTask.lambda$executeRecursively$9(NodeTestTask.java:139)
	at org.junit.platform.engine.support.hierarchical.ThrowableCollector.execute(ThrowableCollector.java:73)
	at org.junit.platform.engine.support.hierarchical.NodeTestTask.executeRecursively(NodeTestTask.java:138)
	at org.junit.platform.engine.support.hierarchical.NodeTestTask.execute(NodeTestTask.java:95)
	at java.util.ArrayList.forEach(ArrayList.java:1259)
	at org.junit.platform.engine.support.hierarchical.SameThreadHierarchicalTestExecutorService.invokeAll(SameThreadHierarchicalTestExecutorService.java:41)
	at org.junit.platform.engine.support.hierarchical.NodeTestTask.lambda$executeRecursively$6(NodeTestTask.java:155)
	at org.junit.platform.engine.support.hierarchical.ThrowableCollector.execute(ThrowableCollector.java:73)
	at org.junit.platform.engine.support.hierarchical.NodeTestTask.lambda$executeRecursively$8(NodeTestTask.java:141)
	at org.junit.platform.engine.support.hierarchical.Node.around(Node.java:137)
	at org.junit.platform.engine.support.hierarchical.NodeTestTask.lambda$executeRecursively$9(NodeTestTask.java:139)
	at org.junit.platform.engine.support.hierarchical.ThrowableCollector.execute(ThrowableCollector.java:73)
	at org.junit.platform.engine.support.hierarchical.NodeTestTask.executeRecursively(NodeTestTask.java:138)
	at org.junit.platform.engine.support.hierarchical.NodeTestTask.execute(NodeTestTask.java:95)
	at org.junit.platform.engine.support.hierarchical.SameThreadHierarchicalTestExecutorService.submit(SameThreadHierarchicalTestExecutorService.java:35)
	at org.junit.platform.engine.support.hierarchical.HierarchicalTestExecutor.execute(HierarchicalTestExecutor.java:57)
	at org.junit.platform.engine.support.hierarchical.HierarchicalTestEngine.execute(HierarchicalTestEngine.java:54)
	at org.junit.platform.launcher.core.EngineExecutionOrchestrator.execute(EngineExecutionOrchestrator.java:107)
	at org.junit.platform.launcher.core.EngineExecutionOrchestrator.execute(EngineExecutionOrchestrator.java:88)
	at org.junit.platform.launcher.core.EngineExecutionOrchestrator.lambda$execute$0(EngineExecutionOrchestrator.java:54)
	at org.junit.platform.launcher.core.EngineExecutionOrchestrator.withInterceptedStreams(EngineExecutionOrchestrator.java:67)
	at org.junit.platform.launcher.core.EngineExecutionOrchestrator.execute(EngineExecutionOrchestrator.java:52)
	at org.junit.platform.launcher.core.DefaultLauncher.execute(DefaultLauncher.java:114)
	at org.junit.platform.launcher.core.DefaultLauncher.execute(DefaultLauncher.java:86)
	at org.junit.platform.launcher.core.DefaultLauncherSession$DelegatingLauncher.execute(DefaultLauncherSession.java:86)
	at org.gradle.api.internal.tasks.testing.junitplatform.JUnitPlatformTestClassProcessor$CollectAllTestClassesExecutor.processAllTestClasses(JUnitPlatformTestClassProcessor.java:119)
	at org.gradle.api.internal.tasks.testing.junitplatform.JUnitPlatformTestClassProcessor$CollectAllTestClassesExecutor.access$000(JUnitPlatformTestClassProcessor.java:94)
	at org.gradle.api.internal.tasks.testing.junitplatform.JUnitPlatformTestClassProcessor.stop(JUnitPlatformTestClassProcessor.java:89)
	at org.gradle.api.internal.tasks.testing.SuiteTestClassProcessor.stop(SuiteTestClassProcessor.java:62)
	at sun.reflect.NativeMethodAccessorImpl.invoke0(Native Method)
	at sun.reflect.NativeMethodAccessorImpl.invoke(NativeMethodAccessorImpl.java:62)
	at sun.reflect.DelegatingMethodAccessorImpl.invoke(DelegatingMethodAccessorImpl.java:43)
	at java.lang.reflect.Method.invoke(Method.java:498)
	at org.gradle.internal.dispatch.ReflectionDispatch.dispatch(ReflectionDispatch.java:36)
	at org.gradle.internal.dispatch.ReflectionDispatch.dispatch(ReflectionDispatch.java:24)
	at org.gradle.internal.dispatch.ContextClassLoaderDispatch.dispatch(ContextClassLoaderDispatch.java:33)
	at org.gradle.internal.dispatch.ProxyDispatchAdapter$DispatchingInvocationHandler.invoke(ProxyDispatchAdapter.java:94)
	at com.sun.proxy.$Proxy2.stop(Unknown Source)
	at org.gradle.api.internal.tasks.testing.worker.TestWorker$3.run(TestWorker.java:193)
	at org.gradle.api.internal.tasks.testing.worker.TestWorker.executeAndMaintainThreadName(TestWorker.java:129)
	at org.gradle.api.internal.tasks.testing.worker.TestWorker.execute(TestWorker.java:100)
	at org.gradle.api.internal.tasks.testing.worker.TestWorker.execute(TestWorker.java:60)
	at org.gradle.process.internal.worker.child.ActionExecutionWorker.execute(ActionExecutionWorker.java:56)
	at org.gradle.process.internal.worker.child.SystemApplicationClassLoaderWorker.call(SystemApplicationClassLoaderWorker.java:113)
	at org.gradle.process.internal.worker.child.SystemApplicationClassLoaderWorker.call(SystemApplicationClassLoaderWorker.java:65)
	at worker.org.gradle.process.internal.worker.GradleWorkerMain.run(GradleWorkerMain.java:69)
	at worker.org.gradle.process.internal.worker.GradleWorkerMain.main(GradleWorkerMain.java:74)
Caused by: java.nio.BufferUnderflowException
	at java.nio.Buffer.nextGetIndex(Buffer.java:510)
	at java.nio.HeapByteBuffer.getShort(HeapByteBuffer.java:323)
	at org.apache.kafka.clients.consumer.internals.ConsumerProtocol.deserializeVersion(ConsumerProtocol.java:62)
	... 89 more
[2024-04-09 14:19:31,575] DEBUG [GroupId foo] Committing offsets 100 for partition bar-0 from member member with leader epoch -1. (org.apache.kafka.coordinator.group.OffsetMetadataManager:478)
[2024-04-09 14:19:31,575] DEBUG [GroupId foo] Committing offsets 150 for partition bar-1 from member member with leader epoch -1. (org.apache.kafka.coordinator.group.OffsetMetadataManager:478)
[2024-04-09 14:19:31,577] DEBUG Creating in-memory snapshot 0 (org.apache.kafka.timeline.SnapshotRegistry:203)
[2024-04-09 14:19:31,578] DEBUG Replaying offset commit with key OffsetCommitKey(group='foo', topic='bar', partition=0), value OffsetCommitValue(offset=100, leaderEpoch=-1, metadata='', commitTimestamp=1712661571539, expireTimestamp=1712661572773) (org.apache.kafka.coordinator.group.OffsetMetadataManager:865)
[2024-04-09 14:19:31,579] DEBUG Creating in-memory snapshot 1 (org.apache.kafka.timeline.SnapshotRegistry:203)
[2024-04-09 14:19:31,579] DEBUG Replaying offset commit with key OffsetCommitKey(group='foo', topic='bar', partition=1), value OffsetCommitValue(offset=150, leaderEpoch=-1, metadata='', commitTimestamp=1712661571539, expireTimestamp=1712661572773) (org.apache.kafka.coordinator.group.OffsetMetadataManager:865)
[2024-04-09 14:19:31,809] DEBUG Creating in-memory snapshot 0 (org.apache.kafka.timeline.SnapshotRegistry:203)
[2024-04-09 14:19:31,810] DEBUG Replaying offset commit with key OffsetCommitKey(group='group', topic='foo', partition=0), value OffsetCommitValue(offset=100, leaderEpoch=1, metadata='metadata', commitTimestamp=1712661571809, expireTimestamp=-1) (org.apache.kafka.coordinator.group.OffsetMetadataManager:865)
[2024-04-09 14:19:31,810] DEBUG Creating in-memory snapshot 1 (org.apache.kafka.timeline.SnapshotRegistry:203)
[2024-04-09 14:19:31,810] DEBUG Replaying offset commit with key OffsetCommitKey(group='group', topic='foo', partition=1), value OffsetCommitValue(offset=110, leaderEpoch=1, metadata='metadata', commitTimestamp=1712661571809, expireTimestamp=-1) (org.apache.kafka.coordinator.group.OffsetMetadataManager:865)
[2024-04-09 14:19:31,810] DEBUG Creating in-memory snapshot 2 (org.apache.kafka.timeline.SnapshotRegistry:203)
[2024-04-09 14:19:31,810] DEBUG Replaying offset commit with key OffsetCommitKey(group='group', topic='bar', partition=0), value OffsetCommitValue(offset=200, leaderEpoch=1, metadata='metadata', commitTimestamp=1712661571809, expireTimestamp=-1) (org.apache.kafka.coordinator.group.OffsetMetadataManager:865)
[2024-04-09 14:19:31,811] DEBUG Creating in-memory snapshot 3 (org.apache.kafka.timeline.SnapshotRegistry:203)
[2024-04-09 14:19:31,811] DEBUG Replaying offset commit with key OffsetCommitKey(group='group', topic='foo', partition=1), value OffsetCommitValue(offset=111, leaderEpoch=2, metadata='metadata', commitTimestamp=1712661571809, expireTimestamp=-1) (org.apache.kafka.coordinator.group.OffsetMetadataManager:865)
[2024-04-09 14:19:31,811] DEBUG Creating in-memory snapshot 4 (org.apache.kafka.timeline.SnapshotRegistry:203)
[2024-04-09 14:19:31,811] DEBUG Replaying offset commit with key OffsetCommitKey(group='group', topic='bar', partition=1), value OffsetCommitValue(offset=210, leaderEpoch=2, metadata='metadata', commitTimestamp=1712661571809, expireTimestamp=-1) (org.apache.kafka.coordinator.group.OffsetMetadataManager:865)
[2024-04-09 14:19:31,819] DEBUG Creating in-memory snapshot 0 (org.apache.kafka.timeline.SnapshotRegistry:203)
[2024-04-09 14:19:31,820] DEBUG Replaying offset commit with key OffsetCommitKey(group='foo', topic='bar', partition=0), value OffsetCommitValue(offset=100, leaderEpoch=-1, metadata='small', commitTimestamp=1712661571819, expireTimestamp=-1) (org.apache.kafka.coordinator.group.OffsetMetadataManager:865)
[2024-04-09 14:19:31,824] DEBUG Creating in-memory snapshot 1 (org.apache.kafka.timeline.SnapshotRegistry:203)
[2024-04-09 14:19:31,870] DEBUG Creating in-memory snapshot 0 (org.apache.kafka.timeline.SnapshotRegistry:203)
[2024-04-09 14:19:31,872] DEBUG Replaying offset commit with key OffsetCommitKey(group='foo', topic='bar', partition=0), value OffsetCommitValue(offset=100, leaderEpoch=0, metadata='metadata', commitTimestamp=1712661571869, expireTimestamp=-1) (org.apache.kafka.coordinator.group.OffsetMetadataManager:865)
[2024-04-09 14:19:31,886] DEBUG [GroupId foo] Committing offsets 100 for partition bar-0 from member  with leader epoch -1. (org.apache.kafka.coordinator.group.OffsetMetadataManager:478)
[2024-04-09 14:19:31,887] DEBUG Creating in-memory snapshot 0 (org.apache.kafka.timeline.SnapshotRegistry:203)
[2024-04-09 14:19:31,887] DEBUG Replaying offset commit with key OffsetCommitKey(group='foo', topic='bar', partition=0), value OffsetCommitValue(offset=100, leaderEpoch=-1, metadata='', commitTimestamp=1712661571885, expireTimestamp=-1) (org.apache.kafka.coordinator.group.OffsetMetadataManager:865)
[2024-04-09 14:19:31,889] DEBUG [GroupId foo] Committing offsets 100 for partition bar-0 from member  with leader epoch -1. (org.apache.kafka.coordinator.group.OffsetMetadataManager:478)
[2024-04-09 14:19:31,890] DEBUG Creating in-memory snapshot 0 (org.apache.kafka.timeline.SnapshotRegistry:203)
[2024-04-09 14:19:31,890] DEBUG Replaying offset commit with key OffsetCommitKey(group='foo', topic='bar', partition=0), value OffsetCommitValue(offset=100, leaderEpoch=-1, metadata='', commitTimestamp=1712661571888, expireTimestamp=-1) (org.apache.kafka.coordinator.group.OffsetMetadataManager:865)
[2024-04-09 14:19:31,892] DEBUG Creating in-memory snapshot 0 (org.apache.kafka.timeline.SnapshotRegistry:203)
[2024-04-09 14:19:31,892] DEBUG Replaying transactional offset commit with producer id 5, key OffsetCommitKey(group='foo', topic='bar', partition=0), value OffsetCommitValue(offset=100, leaderEpoch=-1, metadata='small', commitTimestamp=1712661571891, expireTimestamp=-1) (org.apache.kafka.coordinator.group.OffsetMetadataManager:878)
[2024-04-09 14:19:31,893] DEBUG Creating in-memory snapshot 1 (org.apache.kafka.timeline.SnapshotRegistry:203)
[2024-04-09 14:19:31,893] DEBUG Replaying transactional offset commit with producer id 6, key OffsetCommitKey(group='foo', topic='bar', partition=1), value OffsetCommitValue(offset=200, leaderEpoch=-1, metadata='small', commitTimestamp=1712661571891, expireTimestamp=-1) (org.apache.kafka.coordinator.group.OffsetMetadataManager:878)
[2024-04-09 14:19:31,894] DEBUG Creating in-memory snapshot 2 (org.apache.kafka.timeline.SnapshotRegistry:203)
[2024-04-09 14:19:31,894] DEBUG Committed transactional offset commits for producer id 1. (org.apache.kafka.coordinator.group.OffsetMetadataManager:911)
[2024-04-09 14:19:31,894] DEBUG Creating in-memory snapshot 3 (org.apache.kafka.timeline.SnapshotRegistry:203)
[2024-04-09 14:19:31,894] DEBUG Committed transactional offset commits for producer id 5. (org.apache.kafka.coordinator.group.OffsetMetadataManager:911)
[2024-04-09 14:19:31,899] DEBUG Committed transaction offset commit for producer id 5 in group foo with topic bar, partition 0, and offset OffsetAndMetadata(offset=100, leaderEpoch=OptionalInt.empty, metadata=small, commitTimestampMs=1712661571891, expireTimestampMs=OptionalLong.empty). (org.apache.kafka.coordinator.group.OffsetMetadataManager:917)
[2024-04-09 14:19:31,899] DEBUG Creating in-memory snapshot 4 (org.apache.kafka.timeline.SnapshotRegistry:203)
[2024-04-09 14:19:31,899] DEBUG Aborted transactional offset commits for producer id 6. (org.apache.kafka.coordinator.group.OffsetMetadataManager:930)
[2024-04-09 14:19:31,902] DEBUG [GroupId foo] Committing offsets 100 for partition bar-0 from member member with leader epoch 10. (org.apache.kafka.coordinator.group.OffsetMetadataManager:478)
[2024-04-09 14:19:31,902] DEBUG Creating in-memory snapshot 0 (org.apache.kafka.timeline.SnapshotRegistry:203)
[2024-04-09 14:19:31,903] DEBUG Replaying offset commit with key OffsetCommitKey(group='foo', topic='bar', partition=0), value OffsetCommitValue(offset=100, leaderEpoch=10, metadata='metadata', commitTimestamp=1712661571900, expireTimestamp=-1) (org.apache.kafka.coordinator.group.OffsetMetadataManager:865)
[2024-04-09 14:19:31,904] DEBUG Creating in-memory snapshot 0 (org.apache.kafka.timeline.SnapshotRegistry:203)
[2024-04-09 14:19:31,904] DEBUG Replaying offset commit with key OffsetCommitKey(group='foo', topic='bar', partition=0), value OffsetCommitValue(offset=100, leaderEpoch=0, metadata='metadata', commitTimestamp=1712661571903, expireTimestamp=-1) (org.apache.kafka.coordinator.group.OffsetMetadataManager:865)
[2024-04-09 14:19:31,904] DEBUG Creating in-memory snapshot 1 (org.apache.kafka.timeline.SnapshotRegistry:203)
[2024-04-09 14:19:31,905] DEBUG [GroupId foo] Committing offsets 100 for partition bar-1 from member member with leader epoch 10. (org.apache.kafka.coordinator.group.OffsetMetadataManager:478)
[2024-04-09 14:19:31,905] DEBUG Creating in-memory snapshot 0 (org.apache.kafka.timeline.SnapshotRegistry:203)
[2024-04-09 14:19:31,905] DEBUG Replaying offset commit with key OffsetCommitKey(group='foo', topic='bar', partition=1), value OffsetCommitValue(offset=100, leaderEpoch=10, metadata='small', commitTimestamp=1712661571905, expireTimestamp=-1) (org.apache.kafka.coordinator.group.OffsetMetadataManager:865)
[2024-04-09 14:19:31,911] DEBUG [GroupId foo] Committing transactional offsets 100 for partition bar-0 from member member with leader epoch 10. (org.apache.kafka.coordinator.group.OffsetMetadataManager:539)
[2024-04-09 14:19:31,912] DEBUG Creating in-memory snapshot 0 (org.apache.kafka.timeline.SnapshotRegistry:203)
[2024-04-09 14:19:31,912] DEBUG Replaying transactional offset commit with producer id 0, key OffsetCommitKey(group='foo', topic='bar', partition=0), value OffsetCommitValue(offset=100, leaderEpoch=10, metadata='metadata', commitTimestamp=1712661571906, expireTimestamp=-1) (org.apache.kafka.coordinator.group.OffsetMetadataManager:878)
[2024-04-09 14:19:31,922] DEBUG [GroupId foo] Committing offsets 100 for partition bar-0 from member  with leader epoch -1. (org.apache.kafka.coordinator.group.OffsetMetadataManager:478)
[2024-04-09 14:19:31,922] DEBUG Creating in-memory snapshot 0 (org.apache.kafka.timeline.SnapshotRegistry:203)
[2024-04-09 14:19:31,923] DEBUG Replaying offset commit with key OffsetCommitKey(group='foo', topic='bar', partition=0), value OffsetCommitValue(offset=100, leaderEpoch=-1, metadata='', commitTimestamp=1712661571921, expireTimestamp=-1) (org.apache.kafka.coordinator.group.OffsetMetadataManager:865)
[2024-04-09 14:19:31,929] WARN Failed to parse Consumer Protocol consumer:range of group foo. Consumer group coordinator is not aware of the subscribed topics. (org.apache.kafka.coordinator.group.classic.ClassicGroup:1175)
org.apache.kafka.common.protocol.types.SchemaException: Buffer underflow while parsing consumer protocol's header
	at org.apache.kafka.clients.consumer.internals.ConsumerProtocol.deserializeVersion(ConsumerProtocol.java:64)
	at org.apache.kafka.coordinator.group.classic.ClassicGroup.lambda$computeSubscribedTopics$17(ClassicGroup.java:1168)
	at java.util.HashMap$Values.forEach(HashMap.java:981)
	at org.apache.kafka.coordinator.group.classic.ClassicGroup.computeSubscribedTopics(ClassicGroup.java:1163)
	at org.apache.kafka.coordinator.group.classic.ClassicGroup.initNextGeneration(ClassicGroup.java:1260)
	at org.apache.kafka.coordinator.group.OffsetMetadataManagerTest.testGenericGroupOffsetCommitMaintainsSession(OffsetMetadataManagerTest.java:863)
	at sun.reflect.NativeMethodAccessorImpl.invoke0(Native Method)
	at sun.reflect.NativeMethodAccessorImpl.invoke(NativeMethodAccessorImpl.java:62)
	at sun.reflect.DelegatingMethodAccessorImpl.invoke(DelegatingMethodAccessorImpl.java:43)
	at java.lang.reflect.Method.invoke(Method.java:498)
	at org.junit.platform.commons.util.ReflectionUtils.invokeMethod(ReflectionUtils.java:728)
	at org.junit.jupiter.engine.execution.MethodInvocation.proceed(MethodInvocation.java:60)
	at org.junit.jupiter.engine.execution.InvocationInterceptorChain$ValidatingInvocation.proceed(InvocationInterceptorChain.java:131)
	at org.junit.jupiter.engine.extension.TimeoutExtension.intercept(TimeoutExtension.java:156)
	at org.junit.jupiter.engine.extension.TimeoutExtension.interceptTestableMethod(TimeoutExtension.java:147)
	at org.junit.jupiter.engine.extension.TimeoutExtension.interceptTestMethod(TimeoutExtension.java:86)
	at org.junit.jupiter.engine.execution.InterceptingExecutableInvoker$ReflectiveInterceptorCall.lambda$ofVoidMethod$0(InterceptingExecutableInvoker.java:103)
	at org.junit.jupiter.engine.execution.InterceptingExecutableInvoker.lambda$invoke$0(InterceptingExecutableInvoker.java:93)
	at org.junit.jupiter.engine.execution.InvocationInterceptorChain$InterceptedInvocation.proceed(InvocationInterceptorChain.java:106)
	at org.junit.jupiter.engine.execution.InvocationInterceptorChain.proceed(InvocationInterceptorChain.java:64)
	at org.junit.jupiter.engine.execution.InvocationInterceptorChain.chainAndInvoke(InvocationInterceptorChain.java:45)
	at org.junit.jupiter.engine.execution.InvocationInterceptorChain.invoke(InvocationInterceptorChain.java:37)
	at org.junit.jupiter.engine.execution.InterceptingExecutableInvoker.invoke(InterceptingExecutableInvoker.java:92)
	at org.junit.jupiter.engine.execution.InterceptingExecutableInvoker.invoke(InterceptingExecutableInvoker.java:86)
	at org.junit.jupiter.engine.descriptor.TestMethodTestDescriptor.lambda$invokeTestMethod$7(TestMethodTestDescriptor.java:218)
	at org.junit.platform.engine.support.hierarchical.ThrowableCollector.execute(ThrowableCollector.java:73)
	at org.junit.jupiter.engine.descriptor.TestMethodTestDescriptor.invokeTestMethod(TestMethodTestDescriptor.java:214)
	at org.junit.jupiter.engine.descriptor.TestMethodTestDescriptor.execute(TestMethodTestDescriptor.java:139)
	at org.junit.jupiter.engine.descriptor.TestMethodTestDescriptor.execute(TestMethodTestDescriptor.java:69)
	at org.junit.platform.engine.support.hierarchical.NodeTestTask.lambda$executeRecursively$6(NodeTestTask.java:151)
	at org.junit.platform.engine.support.hierarchical.ThrowableCollector.execute(ThrowableCollector.java:73)
	at org.junit.platform.engine.support.hierarchical.NodeTestTask.lambda$executeRecursively$8(NodeTestTask.java:141)
	at org.junit.platform.engine.support.hierarchical.Node.around(Node.java:137)
	at org.junit.platform.engine.support.hierarchical.NodeTestTask.lambda$executeRecursively$9(NodeTestTask.java:139)
	at org.junit.platform.engine.support.hierarchical.ThrowableCollector.execute(ThrowableCollector.java:73)
	at org.junit.platform.engine.support.hierarchical.NodeTestTask.executeRecursively(NodeTestTask.java:138)
	at org.junit.platform.engine.support.hierarchical.NodeTestTask.execute(NodeTestTask.java:95)
	at java.util.ArrayList.forEach(ArrayList.java:1259)
	at org.junit.platform.engine.support.hierarchical.SameThreadHierarchicalTestExecutorService.invokeAll(SameThreadHierarchicalTestExecutorService.java:41)
	at org.junit.platform.engine.support.hierarchical.NodeTestTask.lambda$executeRecursively$6(NodeTestTask.java:155)
	at org.junit.platform.engine.support.hierarchical.ThrowableCollector.execute(ThrowableCollector.java:73)
	at org.junit.platform.engine.support.hierarchical.NodeTestTask.lambda$executeRecursively$8(NodeTestTask.java:141)
	at org.junit.platform.engine.support.hierarchical.Node.around(Node.java:137)
	at org.junit.platform.engine.support.hierarchical.NodeTestTask.lambda$executeRecursively$9(NodeTestTask.java:139)
	at org.junit.platform.engine.support.hierarchical.ThrowableCollector.execute(ThrowableCollector.java:73)
	at org.junit.platform.engine.support.hierarchical.NodeTestTask.executeRecursively(NodeTestTask.java:138)
	at org.junit.platform.engine.support.hierarchical.NodeTestTask.execute(NodeTestTask.java:95)
	at java.util.ArrayList.forEach(ArrayList.java:1259)
	at org.junit.platform.engine.support.hierarchical.SameThreadHierarchicalTestExecutorService.invokeAll(SameThreadHierarchicalTestExecutorService.java:41)
	at org.junit.platform.engine.support.hierarchical.NodeTestTask.lambda$executeRecursively$6(NodeTestTask.java:155)
	at org.junit.platform.engine.support.hierarchical.ThrowableCollector.execute(ThrowableCollector.java:73)
	at org.junit.platform.engine.support.hierarchical.NodeTestTask.lambda$executeRecursively$8(NodeTestTask.java:141)
	at org.junit.platform.engine.support.hierarchical.Node.around(Node.java:137)
	at org.junit.platform.engine.support.hierarchical.NodeTestTask.lambda$executeRecursively$9(NodeTestTask.java:139)
	at org.junit.platform.engine.support.hierarchical.ThrowableCollector.execute(ThrowableCollector.java:73)
	at org.junit.platform.engine.support.hierarchical.NodeTestTask.executeRecursively(NodeTestTask.java:138)
	at org.junit.platform.engine.support.hierarchical.NodeTestTask.execute(NodeTestTask.java:95)
	at org.junit.platform.engine.support.hierarchical.SameThreadHierarchicalTestExecutorService.submit(SameThreadHierarchicalTestExecutorService.java:35)
	at org.junit.platform.engine.support.hierarchical.HierarchicalTestExecutor.execute(HierarchicalTestExecutor.java:57)
	at org.junit.platform.engine.support.hierarchical.HierarchicalTestEngine.execute(HierarchicalTestEngine.java:54)
	at org.junit.platform.launcher.core.EngineExecutionOrchestrator.execute(EngineExecutionOrchestrator.java:107)
	at org.junit.platform.launcher.core.EngineExecutionOrchestrator.execute(EngineExecutionOrchestrator.java:88)
	at org.junit.platform.launcher.core.EngineExecutionOrchestrator.lambda$execute$0(EngineExecutionOrchestrator.java:54)
	at org.junit.platform.launcher.core.EngineExecutionOrchestrator.withInterceptedStreams(EngineExecutionOrchestrator.java:67)
	at org.junit.platform.launcher.core.EngineExecutionOrchestrator.execute(EngineExecutionOrchestrator.java:52)
	at org.junit.platform.launcher.core.DefaultLauncher.execute(DefaultLauncher.java:114)
	at org.junit.platform.launcher.core.DefaultLauncher.execute(DefaultLauncher.java:86)
	at org.junit.platform.launcher.core.DefaultLauncherSession$DelegatingLauncher.execute(DefaultLauncherSession.java:86)
	at org.gradle.api.internal.tasks.testing.junitplatform.JUnitPlatformTestClassProcessor$CollectAllTestClassesExecutor.processAllTestClasses(JUnitPlatformTestClassProcessor.java:119)
	at org.gradle.api.internal.tasks.testing.junitplatform.JUnitPlatformTestClassProcessor$CollectAllTestClassesExecutor.access$000(JUnitPlatformTestClassProcessor.java:94)
	at org.gradle.api.internal.tasks.testing.junitplatform.JUnitPlatformTestClassProcessor.stop(JUnitPlatformTestClassProcessor.java:89)
	at org.gradle.api.internal.tasks.testing.SuiteTestClassProcessor.stop(SuiteTestClassProcessor.java:62)
	at sun.reflect.NativeMethodAccessorImpl.invoke0(Native Method)
	at sun.reflect.NativeMethodAccessorImpl.invoke(NativeMethodAccessorImpl.java:62)
	at sun.reflect.DelegatingMethodAccessorImpl.invoke(DelegatingMethodAccessorImpl.java:43)
	at java.lang.reflect.Method.invoke(Method.java:498)
	at org.gradle.internal.dispatch.ReflectionDispatch.dispatch(ReflectionDispatch.java:36)
	at org.gradle.internal.dispatch.ReflectionDispatch.dispatch(ReflectionDispatch.java:24)
	at org.gradle.internal.dispatch.ContextClassLoaderDispatch.dispatch(ContextClassLoaderDispatch.java:33)
	at org.gradle.internal.dispatch.ProxyDispatchAdapter$DispatchingInvocationHandler.invoke(ProxyDispatchAdapter.java:94)
	at com.sun.proxy.$Proxy2.stop(Unknown Source)
	at org.gradle.api.internal.tasks.testing.worker.TestWorker$3.run(TestWorker.java:193)
	at org.gradle.api.internal.tasks.testing.worker.TestWorker.executeAndMaintainThreadName(TestWorker.java:129)
	at org.gradle.api.internal.tasks.testing.worker.TestWorker.execute(TestWorker.java:100)
	at org.gradle.api.internal.tasks.testing.worker.TestWorker.execute(TestWorker.java:60)
	at org.gradle.process.internal.worker.child.ActionExecutionWorker.execute(ActionExecutionWorker.java:56)
	at org.gradle.process.internal.worker.child.SystemApplicationClassLoaderWorker.call(SystemApplicationClassLoaderWorker.java:113)
	at org.gradle.process.internal.worker.child.SystemApplicationClassLoaderWorker.call(SystemApplicationClassLoaderWorker.java:65)
	at worker.org.gradle.process.internal.worker.GradleWorkerMain.run(GradleWorkerMain.java:69)
	at worker.org.gradle.process.internal.worker.GradleWorkerMain.main(GradleWorkerMain.java:74)
Caused by: java.nio.BufferUnderflowException
	at java.nio.Buffer.nextGetIndex(Buffer.java:510)
	at java.nio.HeapByteBuffer.getShort(HeapByteBuffer.java:323)
	at org.apache.kafka.clients.consumer.internals.ConsumerProtocol.deserializeVersion(ConsumerProtocol.java:62)
	... 89 more
[2024-04-09 14:19:31,936] DEBUG [GroupId foo] Committing offsets 100 for partition bar-0 from member member with leader epoch -1. (org.apache.kafka.coordinator.group.OffsetMetadataManager:478)
[2024-04-09 14:19:31,937] DEBUG Creating in-memory snapshot 0 (org.apache.kafka.timeline.SnapshotRegistry:203)
[2024-04-09 14:19:31,937] DEBUG Replaying offset commit with key OffsetCommitKey(group='foo', topic='bar', partition=0), value OffsetCommitValue(offset=100, leaderEpoch=-1, metadata='', commitTimestamp=1712661574428, expireTimestamp=1712661575662) (org.apache.kafka.coordinator.group.OffsetMetadataManager:865)
[2024-04-09 14:19:31,940] INFO Member member in group foo has failed, removing it from the group. (org.apache.kafka.coordinator.group.GroupMetadataManager:2436)
[2024-04-09 14:19:31,940] INFO Preparing to rebalance group foo in state PreparingRebalance with old generation 1 (reason: removing member member on heartbeat expiration.). (org.apache.kafka.coordinator.group.GroupMetadataManager:2642)
[2024-04-09 14:19:31,941] INFO Group foo with generation 2 is now empty. (org.apache.kafka.coordinator.group.GroupMetadataManager:2342)
[2024-04-09 14:19:35,151] DEBUG Creating in-memory snapshot 0 (org.apache.kafka.timeline.SnapshotRegistry:203)
[2024-04-09 14:19:35,401] DEBUG Replaying offset commit with key OffsetCommitKey(group='group-id', topic='topic', partition=0), value OffsetCommitValue(offset=100, leaderEpoch=0, metadata='metadata', commitTimestamp=1712661575131, expireTimestamp=-1) (org.apache.kafka.coordinator.group.OffsetMetadataManager:865)
[2024-04-09 14:19:36,129] DEBUG Creating in-memory snapshot 0 (org.apache.kafka.timeline.SnapshotRegistry:203)
[2024-04-09 14:19:36,131] DEBUG Replaying offset commit with key OffsetCommitKey(group='foo', topic='bar-0', partition=0), value OffsetCommitValue(offset=100, leaderEpoch=0, metadata='metadata', commitTimestamp=1712661576091, expireTimestamp=-1) (org.apache.kafka.coordinator.group.OffsetMetadataManager:865)
[2024-04-09 14:19:36,132] DEBUG Creating in-memory snapshot 1 (org.apache.kafka.timeline.SnapshotRegistry:203)
[2024-04-09 14:19:36,133] DEBUG Replaying offset commit with key OffsetCommitKey(group='foo', topic='bar-0', partition=1), value OffsetCommitValue(offset=100, leaderEpoch=0, metadata='metadata', commitTimestamp=1712661576091, expireTimestamp=-1) (org.apache.kafka.coordinator.group.OffsetMetadataManager:865)
[2024-04-09 14:19:36,133] DEBUG Creating in-memory snapshot 2 (org.apache.kafka.timeline.SnapshotRegistry:203)
[2024-04-09 14:19:36,133] DEBUG Replaying offset commit with key OffsetCommitKey(group='foo', topic='bar-1', partition=0), value OffsetCommitValue(offset=100, leaderEpoch=0, metadata='metadata', commitTimestamp=1712661576091, expireTimestamp=-1) (org.apache.kafka.coordinator.group.OffsetMetadataManager:865)
[2024-04-09 14:19:36,169] DEBUG Creating in-memory snapshot 3 (org.apache.kafka.timeline.SnapshotRegistry:203)
[2024-04-09 14:19:36,173] DEBUG Creating in-memory snapshot 4 (org.apache.kafka.timeline.SnapshotRegistry:203)
[2024-04-09 14:19:36,174] DEBUG Creating in-memory snapshot 5 (org.apache.kafka.timeline.SnapshotRegistry:203)
[2024-04-09 14:19:36,199] DEBUG Creating in-memory snapshot 0 (org.apache.kafka.timeline.SnapshotRegistry:203)
[2024-04-09 14:19:36,200] DEBUG Replaying offset commit with key OffsetCommitKey(group='foo', topic='bar-0', partition=0), value OffsetCommitValue(offset=100, leaderEpoch=0, metadata='metadata', commitTimestamp=1712661576193, expireTimestamp=-1) (org.apache.kafka.coordinator.group.OffsetMetadataManager:865)
[2024-04-09 14:19:36,200] DEBUG Creating in-memory snapshot 1 (org.apache.kafka.timeline.SnapshotRegistry:203)
[2024-04-09 14:19:36,201] DEBUG Replaying offset commit with key OffsetCommitKey(group='foo', topic='bar-0', partition=1), value OffsetCommitValue(offset=100, leaderEpoch=0, metadata='metadata', commitTimestamp=1712661576193, expireTimestamp=-1) (org.apache.kafka.coordinator.group.OffsetMetadataManager:865)
[2024-04-09 14:19:36,201] DEBUG Creating in-memory snapshot 2 (org.apache.kafka.timeline.SnapshotRegistry:203)
[2024-04-09 14:19:36,202] DEBUG Replaying offset commit with key OffsetCommitKey(group='foo', topic='bar-1', partition=0), value OffsetCommitValue(offset=100, leaderEpoch=0, metadata='metadata', commitTimestamp=1712661576193, expireTimestamp=-1) (org.apache.kafka.coordinator.group.OffsetMetadataManager:865)
[2024-04-09 14:19:36,203] DEBUG Creating in-memory snapshot 3 (org.apache.kafka.timeline.SnapshotRegistry:203)
[2024-04-09 14:19:36,204] DEBUG Creating in-memory snapshot 4 (org.apache.kafka.timeline.SnapshotRegistry:203)
[2024-04-09 14:19:36,204] DEBUG Creating in-memory snapshot 5 (org.apache.kafka.timeline.SnapshotRegistry:203)
[2024-04-09 14:19:36,260] DEBUG Creating in-memory snapshot 0 (org.apache.kafka.timeline.SnapshotRegistry:203)
[2024-04-09 14:19:36,268] DEBUG Replaying offset commit with key OffsetCommitKey(group='group-id', topic='firstTopic', partition=0), value OffsetCommitValue(offset=100, leaderEpoch=0, metadata='metadata', commitTimestamp=1712661576259, expireTimestamp=-1) (org.apache.kafka.coordinator.group.OffsetMetadataManager:865)
[2024-04-09 14:19:36,268] DEBUG Creating in-memory snapshot 1 (org.apache.kafka.timeline.SnapshotRegistry:203)
[2024-04-09 14:19:36,269] DEBUG Replaying offset commit with key OffsetCommitKey(group='group-id', topic='secondTopic', partition=0), value OffsetCommitValue(offset=100, leaderEpoch=0, metadata='metadata', commitTimestamp=1712661576259, expireTimestamp=-1) (org.apache.kafka.coordinator.group.OffsetMetadataManager:865)
[2024-04-09 14:19:36,270] DEBUG Creating in-memory snapshot 2 (org.apache.kafka.timeline.SnapshotRegistry:203)
[2024-04-09 14:19:36,270] DEBUG Replaying offset commit with key OffsetCommitKey(group='group-id', topic='secondTopic', partition=1), value OffsetCommitValue(offset=100, leaderEpoch=0, metadata='metadata', commitTimestamp=1712661576759, expireTimestamp=-1) (org.apache.kafka.coordinator.group.OffsetMetadataManager:865)
[2024-04-09 14:19:36,433] DEBUG [GroupId group-id] Expired offset for partition=secondTopic-0 (org.apache.kafka.coordinator.group.OffsetMetadataManager:799)
[2024-04-09 14:19:36,435] DEBUG Creating in-memory snapshot 3 (org.apache.kafka.timeline.SnapshotRegistry:203)
[2024-04-09 14:19:36,436] DEBUG [GroupId group-id] Expired offset for partition=secondTopic-1 (org.apache.kafka.coordinator.group.OffsetMetadataManager:799)
[2024-04-09 14:19:36,436] DEBUG Creating in-memory snapshot 4 (org.apache.kafka.timeline.SnapshotRegistry:203)
[2024-04-09 14:19:36,438] DEBUG Creating in-memory snapshot 5 (org.apache.kafka.timeline.SnapshotRegistry:203)
[2024-04-09 14:19:36,438] DEBUG Replaying offset commit with key OffsetCommitKey(group='group-id', topic='firstTopic', partition=1), value OffsetCommitValue(offset=100, leaderEpoch=0, metadata='metadata', commitTimestamp=1712661576759, expireTimestamp=-1) (org.apache.kafka.coordinator.group.OffsetMetadataManager:865)
[2024-04-09 14:19:36,438] DEBUG Creating in-memory snapshot 6 (org.apache.kafka.timeline.SnapshotRegistry:203)
[2024-04-09 14:19:36,438] DEBUG Replaying offset commit with key OffsetCommitKey(group='group-id', topic='secondTopic', partition=0), value OffsetCommitValue(offset=101, leaderEpoch=0, metadata='metadata', commitTimestamp=1712661576759, expireTimestamp=-1) (org.apache.kafka.coordinator.group.OffsetMetadataManager:865)
[2024-04-09 14:19:36,439] DEBUG [GroupId group-id] Expired offset for partition=firstTopic-0 (org.apache.kafka.coordinator.group.OffsetMetadataManager:799)
[2024-04-09 14:19:36,439] DEBUG [GroupId group-id] Expired offset for partition=firstTopic-1 (org.apache.kafka.coordinator.group.OffsetMetadataManager:799)
[2024-04-09 14:19:36,439] DEBUG [GroupId group-id] Expired offset for partition=secondTopic-0 (org.apache.kafka.coordinator.group.OffsetMetadataManager:799)
[2024-04-09 14:19:36,439] DEBUG Creating in-memory snapshot 7 (org.apache.kafka.timeline.SnapshotRegistry:203)
[2024-04-09 14:19:36,439] DEBUG Creating in-memory snapshot 8 (org.apache.kafka.timeline.SnapshotRegistry:203)
[2024-04-09 14:19:36,439] DEBUG Creating in-memory snapshot 9 (org.apache.kafka.timeline.SnapshotRegistry:203)
[2024-04-09 14:19:36,562] WARN Failed to parse Consumer Protocol consumer:range of group foo. Consumer group coordinator is not aware of the subscribed topics. (org.apache.kafka.coordinator.group.classic.ClassicGroup:1175)
org.apache.kafka.common.protocol.types.SchemaException: Buffer underflow while parsing consumer protocol's header
	at org.apache.kafka.clients.consumer.internals.ConsumerProtocol.deserializeVersion(ConsumerProtocol.java:64)
	at org.apache.kafka.coordinator.group.classic.ClassicGroup.lambda$computeSubscribedTopics$17(ClassicGroup.java:1168)
	at java.util.HashMap$Values.forEach(HashMap.java:981)
	at org.apache.kafka.coordinator.group.classic.ClassicGroup.computeSubscribedTopics(ClassicGroup.java:1163)
	at org.apache.kafka.coordinator.group.classic.ClassicGroup.initNextGeneration(ClassicGroup.java:1260)
	at org.apache.kafka.coordinator.group.OffsetMetadataManagerTest.testGenericGroupOffsetCommitWithIllegalGeneration(OffsetMetadataManagerTest.java:619)
	at sun.reflect.NativeMethodAccessorImpl.invoke0(Native Method)
	at sun.reflect.NativeMethodAccessorImpl.invoke(NativeMethodAccessorImpl.java:62)
	at sun.reflect.DelegatingMethodAccessorImpl.invoke(DelegatingMethodAccessorImpl.java:43)
	at java.lang.reflect.Method.invoke(Method.java:498)
	at org.junit.platform.commons.util.ReflectionUtils.invokeMethod(ReflectionUtils.java:728)
	at org.junit.jupiter.engine.execution.MethodInvocation.proceed(MethodInvocation.java:60)
	at org.junit.jupiter.engine.execution.InvocationInterceptorChain$ValidatingInvocation.proceed(InvocationInterceptorChain.java:131)
	at org.junit.jupiter.engine.extension.TimeoutExtension.intercept(TimeoutExtension.java:156)
	at org.junit.jupiter.engine.extension.TimeoutExtension.interceptTestableMethod(TimeoutExtension.java:147)
	at org.junit.jupiter.engine.extension.TimeoutExtension.interceptTestMethod(TimeoutExtension.java:86)
	at org.junit.jupiter.engine.execution.InterceptingExecutableInvoker$ReflectiveInterceptorCall.lambda$ofVoidMethod$0(InterceptingExecutableInvoker.java:103)
	at org.junit.jupiter.engine.execution.InterceptingExecutableInvoker.lambda$invoke$0(InterceptingExecutableInvoker.java:93)
	at org.junit.jupiter.engine.execution.InvocationInterceptorChain$InterceptedInvocation.proceed(InvocationInterceptorChain.java:106)
	at org.junit.jupiter.engine.execution.InvocationInterceptorChain.proceed(InvocationInterceptorChain.java:64)
	at org.junit.jupiter.engine.execution.InvocationInterceptorChain.chainAndInvoke(InvocationInterceptorChain.java:45)
	at org.junit.jupiter.engine.execution.InvocationInterceptorChain.invoke(InvocationInterceptorChain.java:37)
	at org.junit.jupiter.engine.execution.InterceptingExecutableInvoker.invoke(InterceptingExecutableInvoker.java:92)
	at org.junit.jupiter.engine.execution.InterceptingExecutableInvoker.invoke(InterceptingExecutableInvoker.java:86)
	at org.junit.jupiter.engine.descriptor.TestMethodTestDescriptor.lambda$invokeTestMethod$7(TestMethodTestDescriptor.java:218)
	at org.junit.platform.engine.support.hierarchical.ThrowableCollector.execute(ThrowableCollector.java:73)
	at org.junit.jupiter.engine.descriptor.TestMethodTestDescriptor.invokeTestMethod(TestMethodTestDescriptor.java:214)
	at org.junit.jupiter.engine.descriptor.TestMethodTestDescriptor.execute(TestMethodTestDescriptor.java:139)
	at org.junit.jupiter.engine.descriptor.TestMethodTestDescriptor.execute(TestMethodTestDescriptor.java:69)
	at org.junit.platform.engine.support.hierarchical.NodeTestTask.lambda$executeRecursively$6(NodeTestTask.java:151)
	at org.junit.platform.engine.support.hierarchical.ThrowableCollector.execute(ThrowableCollector.java:73)
	at org.junit.platform.engine.support.hierarchical.NodeTestTask.lambda$executeRecursively$8(NodeTestTask.java:141)
	at org.junit.platform.engine.support.hierarchical.Node.around(Node.java:137)
	at org.junit.platform.engine.support.hierarchical.NodeTestTask.lambda$executeRecursively$9(NodeTestTask.java:139)
	at org.junit.platform.engine.support.hierarchical.ThrowableCollector.execute(ThrowableCollector.java:73)
	at org.junit.platform.engine.support.hierarchical.NodeTestTask.executeRecursively(NodeTestTask.java:138)
	at org.junit.platform.engine.support.hierarchical.NodeTestTask.execute(NodeTestTask.java:95)
	at java.util.ArrayList.forEach(ArrayList.java:1259)
	at org.junit.platform.engine.support.hierarchical.SameThreadHierarchicalTestExecutorService.invokeAll(SameThreadHierarchicalTestExecutorService.java:41)
	at org.junit.platform.engine.support.hierarchical.NodeTestTask.lambda$executeRecursively$6(NodeTestTask.java:155)
	at org.junit.platform.engine.support.hierarchical.ThrowableCollector.execute(ThrowableCollector.java:73)
	at org.junit.platform.engine.support.hierarchical.NodeTestTask.lambda$executeRecursively$8(NodeTestTask.java:141)
	at org.junit.platform.engine.support.hierarchical.Node.around(Node.java:137)
	at org.junit.platform.engine.support.hierarchical.NodeTestTask.lambda$executeRecursively$9(NodeTestTask.java:139)
	at org.junit.platform.engine.support.hierarchical.ThrowableCollector.execute(ThrowableCollector.java:73)
	at org.junit.platform.engine.support.hierarchical.NodeTestTask.executeRecursively(NodeTestTask.java:138)
	at org.junit.platform.engine.support.hierarchical.NodeTestTask.execute(NodeTestTask.java:95)
	at java.util.ArrayList.forEach(ArrayList.java:1259)
	at org.junit.platform.engine.support.hierarchical.SameThreadHierarchicalTestExecutorService.invokeAll(SameThreadHierarchicalTestExecutorService.java:41)
	at org.junit.platform.engine.support.hierarchical.NodeTestTask.lambda$executeRecursively$6(NodeTestTask.java:155)
	at org.junit.platform.engine.support.hierarchical.ThrowableCollector.execute(ThrowableCollector.java:73)
	at org.junit.platform.engine.support.hierarchical.NodeTestTask.lambda$executeRecursively$8(NodeTestTask.java:141)
	at org.junit.platform.engine.support.hierarchical.Node.around(Node.java:137)
	at org.junit.platform.engine.support.hierarchical.NodeTestTask.lambda$executeRecursively$9(NodeTestTask.java:139)
	at org.junit.platform.engine.support.hierarchical.ThrowableCollector.execute(ThrowableCollector.java:73)
	at org.junit.platform.engine.support.hierarchical.NodeTestTask.executeRecursively(NodeTestTask.java:138)
	at org.junit.platform.engine.support.hierarchical.NodeTestTask.execute(NodeTestTask.java:95)
	at org.junit.platform.engine.support.hierarchical.SameThreadHierarchicalTestExecutorService.submit(SameThreadHierarchicalTestExecutorService.java:35)
	at org.junit.platform.engine.support.hierarchical.HierarchicalTestExecutor.execute(HierarchicalTestExecutor.java:57)
	at org.junit.platform.engine.support.hierarchical.HierarchicalTestEngine.execute(HierarchicalTestEngine.java:54)
	at org.junit.platform.launcher.core.EngineExecutionOrchestrator.execute(EngineExecutionOrchestrator.java:107)
	at org.junit.platform.launcher.core.EngineExecutionOrchestrator.execute(EngineExecutionOrchestrator.java:88)
	at org.junit.platform.launcher.core.EngineExecutionOrchestrator.lambda$execute$0(EngineExecutionOrchestrator.java:54)
	at org.junit.platform.launcher.core.EngineExecutionOrchestrator.withInterceptedStreams(EngineExecutionOrchestrator.java:67)
	at org.junit.platform.launcher.core.EngineExecutionOrchestrator.execute(EngineExecutionOrchestrator.java:52)
	at org.junit.platform.launcher.core.DefaultLauncher.execute(DefaultLauncher.java:114)
	at org.junit.platform.launcher.core.DefaultLauncher.execute(DefaultLauncher.java:86)
	at org.junit.platform.launcher.core.DefaultLauncherSession$DelegatingLauncher.execute(DefaultLauncherSession.java:86)
	at org.gradle.api.internal.tasks.testing.junitplatform.JUnitPlatformTestClassProcessor$CollectAllTestClassesExecutor.processAllTestClasses(JUnitPlatformTestClassProcessor.java:119)
	at org.gradle.api.internal.tasks.testing.junitplatform.JUnitPlatformTestClassProcessor$CollectAllTestClassesExecutor.access$000(JUnitPlatformTestClassProcessor.java:94)
	at org.gradle.api.internal.tasks.testing.junitplatform.JUnitPlatformTestClassProcessor.stop(JUnitPlatformTestClassProcessor.java:89)
	at org.gradle.api.internal.tasks.testing.SuiteTestClassProcessor.stop(SuiteTestClassProcessor.java:62)
	at sun.reflect.NativeMethodAccessorImpl.invoke0(Native Method)
	at sun.reflect.NativeMethodAccessorImpl.invoke(NativeMethodAccessorImpl.java:62)
	at sun.reflect.DelegatingMethodAccessorImpl.invoke(DelegatingMethodAccessorImpl.java:43)
	at java.lang.reflect.Method.invoke(Method.java:498)
	at org.gradle.internal.dispatch.ReflectionDispatch.dispatch(ReflectionDispatch.java:36)
	at org.gradle.internal.dispatch.ReflectionDispatch.dispatch(ReflectionDispatch.java:24)
	at org.gradle.internal.dispatch.ContextClassLoaderDispatch.dispatch(ContextClassLoaderDispatch.java:33)
	at org.gradle.internal.dispatch.ProxyDispatchAdapter$DispatchingInvocationHandler.invoke(ProxyDispatchAdapter.java:94)
	at com.sun.proxy.$Proxy2.stop(Unknown Source)
	at org.gradle.api.internal.tasks.testing.worker.TestWorker$3.run(TestWorker.java:193)
	at org.gradle.api.internal.tasks.testing.worker.TestWorker.executeAndMaintainThreadName(TestWorker.java:129)
	at org.gradle.api.internal.tasks.testing.worker.TestWorker.execute(TestWorker.java:100)
	at org.gradle.api.internal.tasks.testing.worker.TestWorker.execute(TestWorker.java:60)
	at org.gradle.process.internal.worker.child.ActionExecutionWorker.execute(ActionExecutionWorker.java:56)
	at org.gradle.process.internal.worker.child.SystemApplicationClassLoaderWorker.call(SystemApplicationClassLoaderWorker.java:113)
	at org.gradle.process.internal.worker.child.SystemApplicationClassLoaderWorker.call(SystemApplicationClassLoaderWorker.java:65)
	at worker.org.gradle.process.internal.worker.GradleWorkerMain.run(GradleWorkerMain.java:69)
	at worker.org.gradle.process.internal.worker.GradleWorkerMain.main(GradleWorkerMain.java:74)
Caused by: java.nio.BufferUnderflowException
	at java.nio.Buffer.nextGetIndex(Buffer.java:510)
	at java.nio.HeapByteBuffer.getShort(HeapByteBuffer.java:323)
	at org.apache.kafka.clients.consumer.internals.ConsumerProtocol.deserializeVersion(ConsumerProtocol.java:62)
	... 89 more
[2024-04-09 14:19:36,649] DEBUG Creating in-memory snapshot 0 (org.apache.kafka.timeline.SnapshotRegistry:203)
[2024-04-09 14:19:36,649] DEBUG Replaying offset commit with key OffsetCommitKey(group='foo', topic='bar', partition=0), value OffsetCommitValue(offset=100, leaderEpoch=0, metadata='metadata', commitTimestamp=1712661576648, expireTimestamp=-1) (org.apache.kafka.coordinator.group.OffsetMetadataManager:865)
[2024-04-09 14:19:36,660] DEBUG Creating in-memory snapshot 0 (org.apache.kafka.timeline.SnapshotRegistry:203)
[2024-04-09 14:19:36,660] DEBUG Replaying offset commit with key OffsetCommitKey(group='group-id', topic='firstTopic', partition=0), value OffsetCommitValue(offset=100, leaderEpoch=0, metadata='metadata', commitTimestamp=1712661576660, expireTimestamp=-1) (org.apache.kafka.coordinator.group.OffsetMetadataManager:865)
[2024-04-09 14:19:36,660] DEBUG Creating in-memory snapshot 1 (org.apache.kafka.timeline.SnapshotRegistry:203)
[2024-04-09 14:19:36,660] DEBUG Replaying offset commit with key OffsetCommitKey(group='group-id', topic='secondTopic', partition=0), value OffsetCommitValue(offset=100, leaderEpoch=0, metadata='metadata', commitTimestamp=1712661576660, expireTimestamp=-1) (org.apache.kafka.coordinator.group.OffsetMetadataManager:865)
[2024-04-09 14:19:36,660] DEBUG Creating in-memory snapshot 2 (org.apache.kafka.timeline.SnapshotRegistry:203)
[2024-04-09 14:19:36,661] DEBUG Replaying offset commit with key OffsetCommitKey(group='group-id', topic='secondTopic', partition=1), value OffsetCommitValue(offset=100, leaderEpoch=0, metadata='metadata', commitTimestamp=1712661577160, expireTimestamp=-1) (org.apache.kafka.coordinator.group.OffsetMetadataManager:865)
[2024-04-09 14:19:36,663] DEBUG [GroupId group-id] Expired offset for partition=secondTopic-0 (org.apache.kafka.coordinator.group.OffsetMetadataManager:799)
[2024-04-09 14:19:36,663] DEBUG Creating in-memory snapshot 3 (org.apache.kafka.timeline.SnapshotRegistry:203)
[2024-04-09 14:19:36,664] DEBUG [GroupId group-id] Expired offset for partition=secondTopic-1 (org.apache.kafka.coordinator.group.OffsetMetadataManager:799)
[2024-04-09 14:19:36,664] DEBUG Creating in-memory snapshot 4 (org.apache.kafka.timeline.SnapshotRegistry:203)
[2024-04-09 14:19:36,665] DEBUG Creating in-memory snapshot 5 (org.apache.kafka.timeline.SnapshotRegistry:203)
[2024-04-09 14:19:36,665] DEBUG Replaying offset commit with key OffsetCommitKey(group='group-id', topic='firstTopic', partition=1), value OffsetCommitValue(offset=100, leaderEpoch=0, metadata='metadata', commitTimestamp=1712661577160, expireTimestamp=-1) (org.apache.kafka.coordinator.group.OffsetMetadataManager:865)
[2024-04-09 14:19:36,665] DEBUG Creating in-memory snapshot 6 (org.apache.kafka.timeline.SnapshotRegistry:203)
[2024-04-09 14:19:36,665] DEBUG Replaying offset commit with key OffsetCommitKey(group='group-id', topic='secondTopic', partition=0), value OffsetCommitValue(offset=101, leaderEpoch=0, metadata='metadata', commitTimestamp=1712661577160, expireTimestamp=-1) (org.apache.kafka.coordinator.group.OffsetMetadataManager:865)
[2024-04-09 14:19:36,666] DEBUG [GroupId group-id] Expired offset for partition=firstTopic-0 (org.apache.kafka.coordinator.group.OffsetMetadataManager:799)
[2024-04-09 14:19:36,666] DEBUG [GroupId group-id] Expired offset for partition=firstTopic-1 (org.apache.kafka.coordinator.group.OffsetMetadataManager:799)
[2024-04-09 14:19:36,666] DEBUG [GroupId group-id] Expired offset for partition=secondTopic-0 (org.apache.kafka.coordinator.group.OffsetMetadataManager:799)
[2024-04-09 14:19:36,667] DEBUG Creating in-memory snapshot 7 (org.apache.kafka.timeline.SnapshotRegistry:203)
[2024-04-09 14:19:36,667] DEBUG Creating in-memory snapshot 8 (org.apache.kafka.timeline.SnapshotRegistry:203)
[2024-04-09 14:19:36,667] DEBUG Creating in-memory snapshot 9 (org.apache.kafka.timeline.SnapshotRegistry:203)
[2024-04-09 14:19:36,671] WARN Failed to parse Consumer Protocol consumer:range of group foo. Consumer group coordinator is not aware of the subscribed topics. (org.apache.kafka.coordinator.group.classic.ClassicGroup:1175)
org.apache.kafka.common.protocol.types.SchemaException: Buffer underflow while parsing consumer protocol's header
	at org.apache.kafka.clients.consumer.internals.ConsumerProtocol.deserializeVersion(ConsumerProtocol.java:64)
	at org.apache.kafka.coordinator.group.classic.ClassicGroup.lambda$computeSubscribedTopics$17(ClassicGroup.java:1168)
	at java.util.HashMap$Values.forEach(HashMap.java:981)
	at org.apache.kafka.coordinator.group.classic.ClassicGroup.computeSubscribedTopics(ClassicGroup.java:1163)
	at org.apache.kafka.coordinator.group.classic.ClassicGroup.initNextGeneration(ClassicGroup.java:1260)
	at org.apache.kafka.coordinator.group.OffsetMetadataManagerTest.testGenericGroupOffsetCommitWithRetentionTime(OffsetMetadataManagerTest.java:794)
	at sun.reflect.NativeMethodAccessorImpl.invoke0(Native Method)
	at sun.reflect.NativeMethodAccessorImpl.invoke(NativeMethodAccessorImpl.java:62)
	at sun.reflect.DelegatingMethodAccessorImpl.invoke(DelegatingMethodAccessorImpl.java:43)
	at java.lang.reflect.Method.invoke(Method.java:498)
	at org.junit.platform.commons.util.ReflectionUtils.invokeMethod(ReflectionUtils.java:728)
	at org.junit.jupiter.engine.execution.MethodInvocation.proceed(MethodInvocation.java:60)
	at org.junit.jupiter.engine.execution.InvocationInterceptorChain$ValidatingInvocation.proceed(InvocationInterceptorChain.java:131)
	at org.junit.jupiter.engine.extension.TimeoutExtension.intercept(TimeoutExtension.java:156)
	at org.junit.jupiter.engine.extension.TimeoutExtension.interceptTestableMethod(TimeoutExtension.java:147)
	at org.junit.jupiter.engine.extension.TimeoutExtension.interceptTestMethod(TimeoutExtension.java:86)
	at org.junit.jupiter.engine.execution.InterceptingExecutableInvoker$ReflectiveInterceptorCall.lambda$ofVoidMethod$0(InterceptingExecutableInvoker.java:103)
	at org.junit.jupiter.engine.execution.InterceptingExecutableInvoker.lambda$invoke$0(InterceptingExecutableInvoker.java:93)
	at org.junit.jupiter.engine.execution.InvocationInterceptorChain$InterceptedInvocation.proceed(InvocationInterceptorChain.java:106)
	at org.junit.jupiter.engine.execution.InvocationInterceptorChain.proceed(InvocationInterceptorChain.java:64)
	at org.junit.jupiter.engine.execution.InvocationInterceptorChain.chainAndInvoke(InvocationInterceptorChain.java:45)
	at org.junit.jupiter.engine.execution.InvocationInterceptorChain.invoke(InvocationInterceptorChain.java:37)
	at org.junit.jupiter.engine.execution.InterceptingExecutableInvoker.invoke(InterceptingExecutableInvoker.java:92)
[...]
	at org.junit.platform.engine.support.hierarchical.NodeTestTask.execute(NodeTestTask.java:95)
	at java.util.ArrayList.forEach(ArrayList.java:1259)
	at org.junit.platform.engine.support.hierarchical.SameThreadHierarchicalTestExecutorService.invokeAll(SameThreadHierarchicalTestExecutorService.java:41)
	at org.junit.platform.engine.support.hierarchical.NodeTestTask.lambda$executeRecursively$6(NodeTestTask.java:155)
	at org.junit.platform.engine.support.hierarchical.ThrowableCollector.execute(ThrowableCollector.java:73)
	at org.junit.platform.engine.support.hierarchical.NodeTestTask.lambda$executeRecursively$8(NodeTestTask.java:141)
	at org.junit.platform.engine.support.hierarchical.Node.around(Node.java:137)
	at org.junit.platform.engine.support.hierarchical.NodeTestTask.lambda$executeRecursively$9(NodeTestTask.java:139)
	at org.junit.platform.engine.support.hierarchical.ThrowableCollector.execute(ThrowableCollector.java:73)
	at org.junit.platform.engine.support.hierarchical.NodeTestTask.executeRecursively(NodeTestTask.java:138)
	at org.junit.platform.engine.support.hierarchical.NodeTestTask.execute(NodeTestTask.java:95)
	at java.util.ArrayList.forEach(ArrayList.java:1259)
	at org.junit.platform.engine.support.hierarchical.SameThreadHierarchicalTestExecutorService.invokeAll(SameThreadHierarchicalTestExecutorService.java:41)
	at org.junit.platform.engine.support.hierarchical.NodeTestTask.lambda$executeRecursively$6(NodeTestTask.java:155)
	at org.junit.platform.engine.support.hierarchical.ThrowableCollector.execute(ThrowableCollector.java:73)
	at org.junit.platform.engine.support.hierarchical.NodeTestTask.lambda$executeRecursively$8(NodeTestTask.java:141)
	at org.junit.platform.engine.support.hierarchical.Node.around(Node.java:137)
	at org.junit.platform.engine.support.hierarchical.NodeTestTask.lambda$executeRecursively$9(NodeTestTask.java:139)
	at org.junit.platform.engine.support.hierarchical.ThrowableCollector.execute(ThrowableCollector.java:73)
	at org.junit.platform.engine.support.hierarchical.NodeTestTask.executeRecursively(NodeTestTask.java:138)
	at org.junit.platform.engine.support.hierarchical.NodeTestTask.execute(NodeTestTask.java:95)
	at org.junit.platform.engine.support.hierarchical.SameThreadHierarchicalTestExecutorService.submit(SameThreadHierarchicalTestExecutorService.java:35)
	at org.junit.platform.engine.support.hierarchical.HierarchicalTestExecutor.execute(HierarchicalTestExecutor.java:57)
	at org.junit.platform.engine.support.hierarchical.HierarchicalTestEngine.execute(HierarchicalTestEngine.java:54)
	at org.junit.platform.launcher.core.EngineExecutionOrchestrator.execute(EngineExecutionOrchestrator.java:107)
	at org.junit.platform.launcher.core.EngineExecutionOrchestrator.execute(EngineExecutionOrchestrator.java:88)
	at org.junit.platform.launcher.core.EngineExecutionOrchestrator.lambda$execute$0(EngineExecutionOrchestrator.java:54)
	at org.junit.platform.launcher.core.EngineExecutionOrchestrator.withInterceptedStreams(EngineExecutionOrchestrator.java:67)
	at org.junit.platform.launcher.core.EngineExecutionOrchestrator.execute(EngineExecutionOrchestrator.java:52)
	at org.junit.platform.launcher.core.DefaultLauncher.execute(DefaultLauncher.java:114)
	at org.junit.platform.launcher.core.DefaultLauncher.execute(DefaultLauncher.java:86)
	at org.junit.platform.launcher.core.DefaultLauncherSession$DelegatingLauncher.execute(DefaultLauncherSession.java:86)
	at org.gradle.api.internal.tasks.testing.junitplatform.JUnitPlatformTestClassProcessor$CollectAllTestClassesExecutor.processAllTestClasses(JUnitPlatformTestClassProcessor.java:119)
	at org.gradle.api.internal.tasks.testing.junitplatform.JUnitPlatformTestClassProcessor$CollectAllTestClassesExecutor.access$000(JUnitPlatformTestClassProcessor.java:94)
	at org.gradle.api.internal.tasks.testing.junitplatform.JUnitPlatformTestClassProcessor.stop(JUnitPlatformTestClassProcessor.java:89)
	at org.gradle.api.internal.tasks.testing.SuiteTestClassProcessor.stop(SuiteTestClassProcessor.java:62)
	at sun.reflect.NativeMethodAccessorImpl.invoke0(Native Method)
	at sun.reflect.NativeMethodAccessorImpl.invoke(NativeMethodAccessorImpl.java:62)
	at sun.reflect.DelegatingMethodAccessorImpl.invoke(DelegatingMethodAccessorImpl.java:43)
	at java.lang.reflect.Method.invoke(Method.java:498)
	at org.gradle.internal.dispatch.ReflectionDispatch.dispatch(ReflectionDispatch.java:36)
	at org.gradle.internal.dispatch.ReflectionDispatch.dispatch(ReflectionDispatch.java:24)
	at org.gradle.internal.dispatch.ContextClassLoaderDispatch.dispatch(ContextClassLoaderDispatch.java:33)
	at org.gradle.internal.dispatch.ProxyDispatchAdapter$DispatchingInvocationHandler.invoke(ProxyDispatchAdapter.java:94)
	at com.sun.proxy.$Proxy2.stop(Unknown Source)
	at org.gradle.api.internal.tasks.testing.worker.TestWorker$3.run(TestWorker.java:193)
	at org.gradle.api.internal.tasks.testing.worker.TestWorker.executeAndMaintainThreadName(TestWorker.java:129)
	at org.gradle.api.internal.tasks.testing.worker.TestWorker.execute(TestWorker.java:100)
	at org.gradle.api.internal.tasks.testing.worker.TestWorker.execute(TestWorker.java:60)
	at org.gradle.process.internal.worker.child.ActionExecutionWorker.execute(ActionExecutionWorker.java:56)
	at org.gradle.process.internal.worker.child.SystemApplicationClassLoaderWorker.call(SystemApplicationClassLoaderWorker.java:113)
	at org.gradle.process.internal.worker.child.SystemApplicationClassLoaderWorker.call(SystemApplicationClassLoaderWorker.java:65)
	at worker.org.gradle.process.internal.worker.GradleWorkerMain.run(GradleWorkerMain.java:69)
	at worker.org.gradle.process.internal.worker.GradleWorkerMain.main(GradleWorkerMain.java:74)
Caused by: java.nio.BufferUnderflowException
	at java.nio.Buffer.nextGetIndex(Buffer.java:510)
	at java.nio.HeapByteBuffer.getShort(HeapByteBuffer.java:323)
	at org.apache.kafka.clients.consumer.internals.ConsumerProtocol.deserializeVersion(ConsumerProtocol.java:62)
	... 89 more
[2024-04-09 14:19:37,014] DEBUG [GroupId foo] Committing transactional offsets 100 for partition bar-0 from member member with leader epoch 10. (org.apache.kafka.coordinator.group.OffsetMetadataManager:539)
[2024-04-09 14:19:37,018] DEBUG Creating in-memory snapshot 0 (org.apache.kafka.timeline.SnapshotRegistry:203)
[2024-04-09 14:19:37,019] DEBUG Replaying transactional offset commit with producer id 0, key OffsetCommitKey(group='foo', topic='bar', partition=0), value OffsetCommitValue(offset=100, leaderEpoch=10, metadata='metadata', commitTimestamp=1712661576947, expireTimestamp=-1) (org.apache.kafka.coordinator.group.OffsetMetadataManager:878)
[2024-04-09 14:19:37,119] WARN Failed to parse Consumer Protocol consumer:range of group foo. Consumer group coordinator is not aware of the subscribed topics. (org.apache.kafka.coordinator.group.classic.ClassicGroup:1175)
org.apache.kafka.common.protocol.types.SchemaException: Buffer underflow while parsing consumer protocol's header
	at org.apache.kafka.clients.consumer.internals.ConsumerProtocol.deserializeVersion(ConsumerProtocol.java:64)
	at org.apache.kafka.coordinator.group.classic.ClassicGroup.lambda$computeSubscribedTopics$17(ClassicGroup.java:1168)
	at java.util.HashMap$Values.forEach(HashMap.java:981)
	at org.apache.kafka.coordinator.group.classic.ClassicGroup.computeSubscribedTopics(ClassicGroup.java:1163)
	at org.apache.kafka.coordinator.group.classic.ClassicGroup.initNextGeneration(ClassicGroup.java:1260)
	at org.apache.kafka.coordinator.group.OffsetMetadataManagerTest.testGenericGroupOffsetCommitWithoutMemberIdAndGeneration(OffsetMetadataManagerTest.java:759)
	at sun.reflect.NativeMethodAccessorImpl.invoke0(Native Method)
	at sun.reflect.NativeMethodAccessorImpl.invoke(NativeMethodAccessorImpl.java:62)
	at sun.reflect.DelegatingMethodAccessorImpl.invoke(DelegatingMethodAccessorImpl.java:43)
	at java.lang.reflect.Method.invoke(Method.java:498)
	at org.junit.platform.commons.util.ReflectionUtils.invokeMethod(ReflectionUtils.java:728)
	at org.junit.jupiter.engine.execution.MethodInvocation.proceed(MethodInvocation.java:60)
	at org.junit.jupiter.engine.execution.InvocationInterceptorChain$ValidatingInvocation.proceed(InvocationInterceptorChain.java:131)
	at org.junit.jupiter.engine.extension.TimeoutExtension.intercept(TimeoutExtension.java:156)
	at org.junit.jupiter.engine.extension.TimeoutExtension.interceptTestableMethod(TimeoutExtension.java:147)
	at org.junit.jupiter.engine.extension.TimeoutExtension.interceptTestMethod(TimeoutExtension.java:86)
	at org.junit.jupiter.engine.execution.InterceptingExecutableInvoker$ReflectiveInterceptorCall.lambda$ofVoidMethod$0(InterceptingExecutableInvoker.java:103)
	at org.junit.jupiter.engine.execution.InterceptingExecutableInvoker.lambda$invoke$0(InterceptingExecutableInvoker.java:93)
	at org.junit.jupiter.engine.execution.InvocationInterceptorChain$InterceptedInvocation.proceed(InvocationInterceptorChain.java:106)
	at org.junit.jupiter.engine.execution.InvocationInterceptorChain.proceed(InvocationInterceptorChain.java:64)
	at org.junit.jupiter.engine.execution.InvocationInterceptorChain.chainAndInvoke(InvocationInterceptorChain.java:45)
	at org.junit.jupiter.engine.execution.InvocationInterceptorChain.invoke(InvocationInterceptorChain.java:37)
	at org.junit.jupiter.engine.execution.InterceptingExecutableInvoker.invoke(InterceptingExecutableInvoker.java:92)
	at org.junit.jupiter.engine.execution.InterceptingExecutableInvoker.invoke(InterceptingExecutableInvoker.java:86)
	at org.junit.jupiter.engine.descriptor.TestMethodTestDescriptor.lambda$invokeTestMethod$7(TestMethodTestDescriptor.java:218)
	at org.junit.platform.engine.support.hierarchical.ThrowableCollector.execute(ThrowableCollector.java:73)
	at org.junit.jupiter.engine.descriptor.TestMethodTestDescriptor.invokeTestMethod(TestMethodTestDescriptor.java:214)
	at org.junit.jupiter.engine.descriptor.TestMethodTestDescriptor.execute(TestMethodTestDescriptor.java:139)
	at org.junit.jupiter.engine.descriptor.TestMethodTestDescriptor.execute(TestMethodTestDescriptor.java:69)
	at org.junit.platform.engine.support.hierarchical.NodeTestTask.lambda$executeRecursively$6(NodeTestTask.java:151)
	at org.junit.platform.engine.support.hierarchical.ThrowableCollector.execute(ThrowableCollector.java:73)
	at org.junit.platform.engine.support.hierarchical.NodeTestTask.lambda$executeRecursively$8(NodeTestTask.java:141)
	at org.junit.platform.engine.support.hierarchical.Node.around(Node.java:137)
	at org.junit.platform.engine.support.hierarchical.NodeTestTask.lambda$executeRecursively$9(NodeTestTask.java:139)
	at org.junit.platform.engine.support.hierarchical.ThrowableCollector.execute(ThrowableCollector.java:73)
	at org.junit.platform.engine.support.hierarchical.NodeTestTask.executeRecursively(NodeTestTask.java:138)
	at org.junit.platform.engine.support.hierarchical.NodeTestTask.execute(NodeTestTask.java:95)
	at java.util.ArrayList.forEach(ArrayList.java:1259)
	at org.junit.platform.engine.support.hierarchical.SameThreadHierarchicalTestExecutorService.invokeAll(SameThreadHierarchicalTestExecutorService.java:41)
	at org.junit.platform.engine.support.hierarchical.NodeTestTask.lambda$executeRecursively$6(NodeTestTask.java:155)
	at org.junit.platform.engine.support.hierarchical.ThrowableCollector.execute(ThrowableCollector.java:73)
	at org.junit.platform.engine.support.hierarchical.NodeTestTask.lambda$executeRecursively$8(NodeTestTask.java:141)
	at org.junit.platform.engine.support.hierarchical.Node.around(Node.java:137)
	at org.junit.platform.engine.support.hierarchical.NodeTestTask.lambda$executeRecursively$9(NodeTestTask.java:139)
	at org.junit.platform.engine.support.hierarchical.ThrowableCollector.execute(ThrowableCollector.java:73)
	at org.junit.platform.engine.support.hierarchical.NodeTestTask.executeRecursively(NodeTestTask.java:138)
	at org.junit.platform.engine.support.hierarchical.NodeTestTask.execute(NodeTestTask.java:95)
	at java.util.ArrayList.forEach(ArrayList.java:1259)
	at org.junit.platform.engine.support.hierarchical.SameThreadHierarchicalTestExecutorService.invokeAll(SameThreadHierarchicalTestExecutorService.java:41)
	at org.junit.platform.engine.support.hierarchical.NodeTestTask.lambda$executeRecursively$6(NodeTestTask.java:155)
	at org.junit.platform.engine.support.hierarchical.ThrowableCollector.execute(ThrowableCollector.java:73)
	at org.junit.platform.engine.support.hierarchical.NodeTestTask.lambda$executeRecursively$8(NodeTestTask.java:141)
	at org.junit.platform.engine.support.hierarchical.Node.around(Node.java:137)
	at org.junit.platform.engine.support.hierarchical.NodeTestTask.lambda$executeRecursively$9(NodeTestTask.java:139)
	at org.junit.platform.engine.support.hierarchical.ThrowableCollector.execute(ThrowableCollector.java:73)
	at org.junit.platform.engine.support.hierarchical.NodeTestTask.executeRecursively(NodeTestTask.java:138)
	at org.junit.platform.engine.support.hierarchical.NodeTestTask.execute(NodeTestTask.java:95)
	at org.junit.platform.engine.support.hierarchical.SameThreadHierarchicalTestExecutorService.submit(SameThreadHierarchicalTestExecutorService.java:35)
	at org.junit.platform.engine.support.hierarchical.HierarchicalTestExecutor.execute(HierarchicalTestExecutor.java:57)
	at org.junit.platform.engine.support.hierarchical.HierarchicalTestEngine.execute(HierarchicalTestEngine.java:54)
	at org.junit.platform.launcher.core.EngineExecutionOrchestrator.execute(EngineExecutionOrchestrator.java:107)
	at org.junit.platform.launcher.core.EngineExecutionOrchestrator.execute(EngineExecutionOrchestrator.java:88)
	at org.junit.platform.launcher.core.EngineExecutionOrchestrator.lambda$execute$0(EngineExecutionOrchestrator.java:54)
	at org.junit.platform.launcher.core.EngineExecutionOrchestrator.withInterceptedStreams(EngineExecutionOrchestrator.java:67)
	at org.junit.platform.launcher.core.EngineExecutionOrchestrator.execute(EngineExecutionOrchestrator.java:52)
	at org.junit.platform.launcher.core.DefaultLauncher.execute(DefaultLauncher.java:114)
	at org.junit.platform.launcher.core.DefaultLauncher.execute(DefaultLauncher.java:86)
	at org.junit.platform.launcher.core.DefaultLauncherSession$DelegatingLauncher.execute(DefaultLauncherSession.java:86)
	at org.gradle.api.internal.tasks.testing.junitplatform.JUnitPlatformTestClassProcessor$CollectAllTestClassesExecutor.processAllTestClasses(JUnitPlatformTestClassProcessor.java:119)
	at org.gradle.api.internal.tasks.testing.junitplatform.JUnitPlatformTestClassProcessor$CollectAllTestClassesExecutor.access$000(JUnitPlatformTestClassProcessor.java:94)
	at org.gradle.api.internal.tasks.testing.junitplatform.JUnitPlatformTestClassProcessor.stop(JUnitPlatformTestClassProcessor.java:89)
	at org.gradle.api.internal.tasks.testing.SuiteTestClassProcessor.stop(SuiteTestClassProcessor.java:62)
	at sun.reflect.NativeMethodAccessorImpl.invoke0(Native Method)
	at sun.reflect.NativeMethodAccessorImpl.invoke(NativeMethodAccessorImpl.java:62)
	at sun.reflect.DelegatingMethodAccessorImpl.invoke(DelegatingMethodAccessorImpl.java:43)
	at java.lang.reflect.Method.invoke(Method.java:498)
	at org.gradle.internal.dispatch.ReflectionDispatch.dispatch(ReflectionDispatch.java:36)
	at org.gradle.internal.dispatch.ReflectionDispatch.dispatch(ReflectionDispatch.java:24)
	at org.gradle.internal.dispatch.ContextClassLoaderDispatch.dispatch(ContextClassLoaderDispatch.java:33)
	at org.gradle.internal.dispatch.ProxyDispatchAdapter$DispatchingInvocationHandler.invoke(ProxyDispatchAdapter.java:94)
	at com.sun.proxy.$Proxy2.stop(Unknown Source)
	at org.gradle.api.internal.tasks.testing.worker.TestWorker$3.run(TestWorker.java:193)
	at org.gradle.api.internal.tasks.testing.worker.TestWorker.executeAndMaintainThreadName(TestWorker.java:129)
	at org.gradle.api.internal.tasks.testing.worker.TestWorker.execute(TestWorker.java:100)
	at org.gradle.api.internal.tasks.testing.worker.TestWorker.execute(TestWorker.java:60)
	at org.gradle.process.internal.worker.child.ActionExecutionWorker.execute(ActionExecutionWorker.java:56)
	at org.gradle.process.internal.worker.child.SystemApplicationClassLoaderWorker.call(SystemApplicationClassLoaderWorker.java:113)
	at org.gradle.process.internal.worker.child.SystemApplicationClassLoaderWorker.call(SystemApplicationClassLoaderWorker.java:65)
	at worker.org.gradle.process.internal.worker.GradleWorkerMain.run(GradleWorkerMain.java:69)
	at worker.org.gradle.process.internal.worker.GradleWorkerMain.main(GradleWorkerMain.java:74)
Caused by: java.nio.BufferUnderflowException
	at java.nio.Buffer.nextGetIndex(Buffer.java:510)
	at java.nio.HeapByteBuffer.getShort(HeapByteBuffer.java:323)
	at org.apache.kafka.clients.consumer.internals.ConsumerProtocol.deserializeVersion(ConsumerProtocol.java:62)
	... 89 more
[2024-04-09 14:19:37,258] DEBUG Creating in-memory snapshot 0 (org.apache.kafka.timeline.SnapshotRegistry:203)
[2024-04-09 14:19:37,259] DEBUG Replaying transactional offset commit with producer id 5, key OffsetCommitKey(group='foo', topic='bar', partition=0), value OffsetCommitValue(offset=100, leaderEpoch=-1, metadata='small', commitTimestamp=1712661577257, expireTimestamp=-1) (org.apache.kafka.coordinator.group.OffsetMetadataManager:878)
[2024-04-09 14:19:37,259] DEBUG Creating in-memory snapshot 1 (org.apache.kafka.timeline.SnapshotRegistry:203)
[2024-04-09 14:19:37,259] DEBUG Replaying transactional offset commit with producer id 5, key OffsetCommitKey(group='foo', topic='bar', partition=1), value OffsetCommitValue(offset=101, leaderEpoch=-1, metadata='small', commitTimestamp=1712661577257, expireTimestamp=-1) (org.apache.kafka.coordinator.group.OffsetMetadataManager:878)
[2024-04-09 14:19:37,260] DEBUG Creating in-memory snapshot 2 (org.apache.kafka.timeline.SnapshotRegistry:203)
[2024-04-09 14:19:37,260] DEBUG Replaying transactional offset commit with producer id 5, key OffsetCommitKey(group='bar', topic='zar', partition=0), value OffsetCommitValue(offset=100, leaderEpoch=-1, metadata='small', commitTimestamp=1712661577257, expireTimestamp=-1) (org.apache.kafka.coordinator.group.OffsetMetadataManager:878)
[2024-04-09 14:19:37,260] DEBUG Creating in-memory snapshot 3 (org.apache.kafka.timeline.SnapshotRegistry:203)
[2024-04-09 14:19:37,260] DEBUG Replaying transactional offset commit with producer id 5, key OffsetCommitKey(group='bar', topic='zar', partition=1), value OffsetCommitValue(offset=101, leaderEpoch=-1, metadata='small', commitTimestamp=1712661577257, expireTimestamp=-1) (org.apache.kafka.coordinator.group.OffsetMetadataManager:878)
[2024-04-09 14:19:37,260] DEBUG Creating in-memory snapshot 4 (org.apache.kafka.timeline.SnapshotRegistry:203)
[2024-04-09 14:19:37,261] DEBUG Replaying transactional offset commit with producer id 6, key OffsetCommitKey(group='foo', topic='bar', partition=2), value OffsetCommitValue(offset=102, leaderEpoch=-1, metadata='small', commitTimestamp=1712661577257, expireTimestamp=-1) (org.apache.kafka.coordinator.group.OffsetMetadataManager:878)
[2024-04-09 14:19:37,261] DEBUG Creating in-memory snapshot 5 (org.apache.kafka.timeline.SnapshotRegistry:203)
[2024-04-09 14:19:37,261] DEBUG Replaying transactional offset commit with producer id 6, key OffsetCommitKey(group='foo', topic='bar', partition=3), value OffsetCommitValue(offset=102, leaderEpoch=-1, metadata='small', commitTimestamp=1712661577257, expireTimestamp=-1) (org.apache.kafka.coordinator.group.OffsetMetadataManager:878)
[2024-04-09 14:19:37,285] DEBUG Creating in-memory snapshot 0 (org.apache.kafka.timeline.SnapshotRegistry:203)
[2024-04-09 14:19:37,287] DEBUG Replaying offset commit with key OffsetCommitKey(group='unknown-group-id', topic='topic', partition=0), value OffsetCommitValue(offset=100, leaderEpoch=0, metadata='metadata', commitTimestamp=1712661577273, expireTimestamp=-1) (org.apache.kafka.coordinator.group.OffsetMetadataManager:865)
]]></system-out>
  <system-err><![CDATA[]]></system-err>
</testsuite>
